#
# A fatal error has been detected by the Java Runtime Environment:
#
#  EXCEPTION_ACCESS_VIOLATION (0xc0000005) at pc=0x00007ffee9453e06, pid=20836, tid=7008
#
# JRE version: Java(TM) SE Runtime Environment (17.0.1+12) (build 17.0.1+12-LTS-39)
# Java VM: Java HotSpot(TM) 64-Bit Server VM (17.0.1+12-LTS-39, mixed mode, sharing, tiered, compressed oops, compressed class ptrs, g1 gc, windows-amd64)
# Problematic frame:
# V  [jvm.dll+0x3d3e06]
#
# No core dump will be written. Minidumps are not enabled by default on client versions of Windows
#
# If you would like to submit a bug report, please visit:
#   https://bugreport.java.com/bugreport/crash.jsp
#

---------------  S U M M A R Y ------------

Command Line: -Djava.library.path=C:\tmp --add-modules=javafx.controls,javafx.fxml,javafx.swing --module-path=C:\Users\pc\.gradle\caches\modules-2\files-2.1\org.openjfx\javafx-fxml\17.0.1\3c4928d8de8e84617b28d370ac1115a1a2267c68\javafx-fxml-17.0.1-win.jar;C:\Users\pc\.gradle\caches\modules-2\files-2.1\org.openjfx\javafx-controls\17.0.1\dd2e517c9638c07325836d17557a365b484fd6c7\javafx-controls-17.0.1-win.jar;C:\Users\pc\.gradle\caches\modules-2\files-2.1\org.openjfx\javafx-swing\17.0.1\454edf272dc52cac75ada6285d02dc5af7652745\javafx-swing-17.0.1-win.jar;C:\Users\pc\.gradle\caches\modules-2\files-2.1\org.openjfx\javafx-graphics\17.0.1\5e29de2d1e6320c2c8c4af9fef186d82f3953155\javafx-graphics-17.0.1-win.jar;C:\Users\pc\.gradle\caches\modules-2\files-2.1\org.openjfx\javafx-base\17.0.1\174ca1357249f26d154583886cda6f20ba1b7887\javafx-base-17.0.1-win.jar -Dfile.encoding=windows-1252 -Duser.country=US -Duser.language=en -Duser.variant -ea GUI.MainApp

Host: Intel(R) Core(TM) i5-5300U CPU @ 2.30GHz, 4 cores, 7G,  Windows 10 , 64 bit Build 19041 (10.0.19041.1566)
Time: Sun Apr 10 08:11:21 2022 Eastern Daylight Time elapsed time: 39.398627 seconds (0d 0h 0m 39s)

---------------  T H R E A D  ---------------

Current thread (0x00000261fd3d0270):  JavaThread "JavaFX Application Thread" [_thread_in_vm, id=7008, stack(0x00000070a4c00000,0x00000070a4d00000)]

Stack: [0x00000070a4c00000,0x00000070a4d00000],  sp=0x00000070a4cfd350,  free space=1012k
Native frames: (J=compiled Java code, j=interpreted, Vv=VM code, C=native code)
V  [jvm.dll+0x3d3e06]
C  [javafx_font.dll+0x1f5c]

Java frames: (J=compiled Java code, j=interpreted, Vv=VM code)
j  com.sun.javafx.font.directwrite.OS.GetGlyphRunOutline(JFSZ)Lcom/sun/javafx/geom/Path2D;+0 javafx.graphics
j  com.sun.javafx.font.directwrite.IDWriteFontFace.GetGlyphRunOutline(FSZ)Lcom/sun/javafx/geom/Path2D;+7 javafx.graphics
j  com.sun.javafx.font.directwrite.DWFontFile.getGlyphOutline(IF)Lcom/sun/javafx/geom/Path2D;+31 javafx.graphics
j  com.sun.javafx.font.directwrite.DWFontStrike.createGlyphOutline(I)Lcom/sun/javafx/geom/Path2D;+14 javafx.graphics
j  com.sun.javafx.font.directwrite.DWGlyph.getShape()Lcom/sun/javafx/geom/Shape;+15 javafx.graphics
j  com.sun.javafx.font.CompositeStrike.getOutline(Lcom/sun/javafx/scene/text/GlyphList;Lcom/sun/javafx/geom/transform/BaseTransform;Lcom/sun/javafx/geom/Path2D;)V+67 javafx.graphics
j  com.sun.javafx.font.CompositeStrike.getOutline(Lcom/sun/javafx/scene/text/GlyphList;Lcom/sun/javafx/geom/transform/BaseTransform;)Lcom/sun/javafx/geom/Shape;+12 javafx.graphics
j  com.sun.javafx.text.PrismTextLayout.getShape(ILcom/sun/javafx/scene/text/TextSpan;)Lcom/sun/javafx/geom/Shape;+477 javafx.graphics
j  javafx.scene.text.Text.getShape()Lcom/sun/javafx/geom/Shape;+59 javafx.graphics
j  javafx.scene.text.Text.doConfigShape()Lcom/sun/javafx/geom/Shape;+29 javafx.graphics
j  javafx.scene.text.Text$1.doConfigShape(Ljavafx/scene/shape/Shape;)Lcom/sun/javafx/geom/Shape;+4 javafx.graphics
j  com.sun.javafx.scene.shape.TextHelper.configShapeImpl(Ljavafx/scene/shape/Shape;)Lcom/sun/javafx/geom/Shape;+4 javafx.graphics
J 6039 c1 javafx.scene.text.Text.doComputeGeomBounds(Lcom/sun/javafx/geom/BaseBounds;Lcom/sun/javafx/geom/transform/BaseTransform;)Lcom/sun/javafx/geom/BaseBounds; javafx.graphics (480 bytes) @ 0x000002618118e4b4 [0x000002618118a900+0x0000000000003bb4]
J 5933 c1 com.sun.javafx.scene.shape.TextHelper.computeGeomBoundsImpl(Ljavafx/scene/Node;Lcom/sun/javafx/geom/BaseBounds;Lcom/sun/javafx/geom/transform/BaseTransform;)Lcom/sun/javafx/geom/BaseBounds; javafx.graphics (12 bytes) @ 0x00000261811536bc [0x00000261811534c0+0x00000000000001fc]
J 7362 c2 javafx.scene.Node.updateBounds()V javafx.graphics (174 bytes) @ 0x0000026187e377c0 [0x0000026187e375e0+0x00000000000001e0]
J 7363 c2 javafx.scene.Parent.updateBounds()V javafx.graphics (44 bytes) @ 0x0000026187e3a8d4 [0x0000026187e3a760+0x0000000000000174]
J 7363 c2 javafx.scene.Parent.updateBounds()V javafx.graphics (44 bytes) @ 0x0000026187e3a8d4 [0x0000026187e3a760+0x0000000000000174]
J 7363 c2 javafx.scene.Parent.updateBounds()V javafx.graphics (44 bytes) @ 0x0000026187e3a8d4 [0x0000026187e3a760+0x0000000000000174]
J 7363 c2 javafx.scene.Parent.updateBounds()V javafx.graphics (44 bytes) @ 0x0000026187e3a8d4 [0x0000026187e3a760+0x0000000000000174]
J 7363 c2 javafx.scene.Parent.updateBounds()V javafx.graphics (44 bytes) @ 0x0000026187e3a8d4 [0x0000026187e3a760+0x0000000000000174]
J 7363 c2 javafx.scene.Parent.updateBounds()V javafx.graphics (44 bytes) @ 0x0000026187e3a8d4 [0x0000026187e3a760+0x0000000000000174]
J 7363 c2 javafx.scene.Parent.updateBounds()V javafx.graphics (44 bytes) @ 0x0000026187e3a8d4 [0x0000026187e3a760+0x0000000000000174]
J 7363 c2 javafx.scene.Parent.updateBounds()V javafx.graphics (44 bytes) @ 0x0000026187e3a8d4 [0x0000026187e3a760+0x0000000000000174]
J 7363 c2 javafx.scene.Parent.updateBounds()V javafx.graphics (44 bytes) @ 0x0000026187e3a8d4 [0x0000026187e3a760+0x0000000000000174]
J 7363 c2 javafx.scene.Parent.updateBounds()V javafx.graphics (44 bytes) @ 0x0000026187e3a8d4 [0x0000026187e3a760+0x0000000000000174]
J 4359 c1 javafx.scene.Scene$ScenePulseListener.pulse()V javafx.graphics (503 bytes) @ 0x0000026180e0c9ec [0x0000026180e0b280+0x000000000000176c]
J 2589 c1 com.sun.javafx.tk.Toolkit$$Lambda$222+0x0000000800d8a278.run()Ljava/lang/Object; javafx.graphics (8 bytes) @ 0x0000026180a4277c [0x0000026180a42640+0x000000000000013c]
J 4357 c1 com.sun.javafx.tk.Toolkit.firePulse()V javafx.graphics (279 bytes) @ 0x0000026180e06f94 [0x0000026180e05120+0x0000000000001e74]
J 4356 c1 com.sun.javafx.tk.quantum.QuantumToolkit.pulse(Z)V javafx.graphics (152 bytes) @ 0x0000026180e037b4 [0x0000026180e02b80+0x0000000000000c34]
J 4234 c1 com.sun.javafx.tk.quantum.QuantumToolkit$$Lambda$76+0x0000000800c330e0.run()V javafx.graphics (8 bytes) @ 0x0000026180dcb924 [0x0000026180dcb7e0+0x0000000000000144]
J 3530 c1 com.sun.glass.ui.InvokeLaterDispatcher$Future.run()V javafx.graphics (91 bytes) @ 0x0000026180c3418c [0x0000026180c34080+0x000000000000010c]
v  ~StubRoutines::call_stub
j  com.sun.glass.ui.win.WinApplication._runLoop(Ljava/lang/Runnable;)V+0 javafx.graphics
j  com.sun.glass.ui.win.WinApplication.lambda$runLoop$3(ILjava/lang/Runnable;)V+8 javafx.graphics
j  com.sun.glass.ui.win.WinApplication$$Lambda$72+0x0000000800c2c870.run()V+12 javafx.graphics
j  java.lang.Thread.run()V+11 java.base@17.0.1
v  ~StubRoutines::call_stub

siginfo: EXCEPTION_ACCESS_VIOLATION (0xc0000005), reading address 0x0000000000000000


Register to memory mapping:

RIP=0x00007ffee9453e06 jvm.dll
RAX=0x00000261fce5e9e0 points into unknown readable memory: 0x00000000878280e0 | e0 80 82 87 00 00 00 00
RBX=0x00000261fd3d0270 is a thread
RCX=0x00000261fce5e9e0 points into unknown readable memory: 0x00000000878280e0 | e0 80 82 87 00 00 00 00
RDX=0x00000000878280e0 is an oop: com.sun.javafx.geom.Path2D 
{0x00000000878280e0} - klass: 'com/sun/javafx/geom/Path2D'
 - ---- fields (total size 7 words):
 - 'numTypes' 'I' @12  0
 - 'numCoords' 'I' @16  0
 - 'windingRule' 'I' @20  0
 - 'moveX' 'F' @24  0.000000
 - 'moveY' 'F' @28  0.000000
 - 'prevX' 'F' @32  0.000000
 - 'prevY' 'F' @36  0.000000
 - 'currX' 'F' @40  0.000000
 - 'currY' 'F' @44  0.000000
 - 'pointTypes' '[B' @48  NULL (0)
 - 'floatCoords' '[F' @52  NULL (0)
RSP=0x00000070a4cfd350 is pointing into the stack for thread: 0x00000261fd3d0270
RBP=0x00000261fd3d0518 points into unknown readable memory: 0x00007ffee9b03630 | 30 36 b0 e9 fe 7f 00 00
RSI=0x00000261fce5e9d8 points into unknown readable memory: 0x0000000087827e98 | 98 7e 82 87 00 00 00 00
RDI=0x00000261fbf3a490 is a global jni handle
R8 =0x0000000000000048 is an unknown value
R9 =0x0000000000000002 is an unknown value
R10=0x00007ffee9b03630 jvm.dll
R11=0x00000070a4cfd1c0 is pointing into the stack for thread: 0x00000261fd3d0270
R12=0x0 is NULL
R13={method} {0x00000261920da240} 'GetGlyphRunOutline' '(JFSZ)Lcom/sun/javafx/geom/Path2D;' in 'com/sun/javafx/font/directwrite/OS'
R14=0x0 is NULL
R15=0x00000070a4cfd458 is pointing into the stack for thread: 0x00000261fd3d0270


Registers:
RAX=0x00000261fce5e9e0, RBX=0x00000261fd3d0270, RCX=0x00000261fce5e9e0, RDX=0x00000000878280e0
RSP=0x00000070a4cfd350, RBP=0x00000261fd3d0518, RSI=0x00000261fce5e9d8, RDI=0x00000261fbf3a490
R8 =0x0000000000000048, R9 =0x0000000000000002, R10=0x00007ffee9b03630, R11=0x00000070a4cfd1c0
R12=0x0000000000000000, R13=0x00000261920da238, R14=0x0000000000000000, R15=0x00000070a4cfd458
RIP=0x00007ffee9453e06, EFLAGS=0x0000000000010202

Top of Stack: (sp=0x00000070a4cfd350)
0x00000070a4cfd350:   0000000000000000 00000261fd3d0270
0x00000070a4cfd360:   00000261fd3d0518 0000000000000000
0x00000070a4cfd370:   00007ffee9957568 00000261fd3d0270
0x00000070a4cfd380:   0000a297f8639fc9 0000000000000049
0x00000070a4cfd390:   0000a2010000008e 0000000000000010
0x00000070a4cfd3a0:   00000261fd3d0270 0000000000000000
0x00000070a4cfd3b0:   00007fff29b0bd10 0000000087827e98
0x00000070a4cfd3c0:   000000000000008e 0000000000000000
0x00000070a4cfd3d0:   00000261fd3d0270 00007ffee9465115
0x00000070a4cfd3e0:   0000000000000000 00007ffee9463767
0x00000070a4cfd3f0:   0000000000000000 0000000000000000
0x00000070a4cfd400:   00007fff29b0bd10 00007fff29b01f5c
0x00000070a4cfd410:   00000261fcda1500 00000261fce5e9d0
0x00000070a4cfd420:   00000261fce5e9d8 00000261fd3d0518
0x00000070a4cfd430:   00000261fd3d0518 00007fff29b0613d
0x00000070a4cfd440:   00000261fcda1500 00000261fce5e9d0 

Instructions: (pc=0x00007ffee9453e06)
0x00007ffee9453d06:   cc cc cc cc cc cc cc cc cc cc 48 89 5c 24 08 48
0x00007ffee9453d16:   89 6c 24 10 48 89 74 24 18 48 89 7c 24 20 41 54
0x00007ffee9453d26:   41 56 41 57 48 81 ec a0 00 00 00 8b 81 b8 00 00
0x00007ffee9453d36:   00 48 8d 99 58 fd ff ff 05 55 21 ff ff 45 33 e4
0x00007ffee9453d46:   4d 8b f9 4d 8b f0 48 8b fa 48 8b e9 83 f8 01 76
0x00007ffee9453d56:   0b 48 8b cb e8 e1 aa 3a 00 41 8b dc c7 83 38 03
0x00007ffee9453d66:   00 00 05 00 00 00 e8 0f d2 28 00 48 8b 83 40 03
0x00007ffee9453d76:   00 00 a8 01 74 0a b2 01 48 8b cb e8 ca c6 2f 00
0x00007ffee9453d86:   44 39 a3 2c 03 00 00 75 0a 8b 83 28 03 00 00 a8
0x00007ffee9453d96:   0c 74 0a 33 d2 48 8b cb e8 7d d2 3a 00 c7 83 38
0x00007ffee9453da6:   03 00 00 06 00 00 00 48 89 5c 24 50 4c 89 64 24
0x00007ffee9453db6:   58 4c 39 63 08 74 0a 48 8d 4c 24 50 e8 a9 65 2c
0x00007ffee9453dc6:   00 40 f6 c7 01 74 0c 48 8d 4f ff ff 15 89 d0 6a
0x00007ffee9453dd6:   00 eb 09 48 8b cf ff 15 3e 52 6a 00 48 8b d3 48
0x00007ffee9453de6:   8b c8 e8 f3 45 01 00 4c 39 63 08 74 05 49 8b f4
0x00007ffee9453df6:   eb 79 45 33 c0 48 8b d0 48 8b cb e8 9a 20 03 00
0x00007ffee9453e06:   49 8b 16 48 8d 4c 24 70 48 8b f0 c7 44 24 40 0e
0x00007ffee9453e16:   00 00 00 e8 72 41 01 00 48 8d 44 24 70 48 89 5c
0x00007ffee9453e26:   24 30 48 89 44 24 28 48 8d 3d a4 08 53 00 41 b9
0x00007ffee9453e36:   02 00 00 00 4c 89 74 24 20 4c 8b c6 48 89 7c 24
0x00007ffee9453e46:   70 48 8d 54 24 40 4c 89 bc 24 98 00 00 00 48 8b
0x00007ffee9453e56:   cd e8 54 52 01 00 4c 39 63 08 48 89 7c 24 70 49
0x00007ffee9453e66:   0f 45 f4 4c 89 a4 24 98 00 00 00 4c 39 64 24 58
0x00007ffee9453e76:   74 0a 48 8d 4c 24 50 e8 8e 65 2c 00 48 8b bb e8
0x00007ffee9453e86:   00 00 00 48 8b 47 10 4c 39 20 74 0c 48 8b cf e8
0x00007ffee9453e96:   b6 31 f7 ff 48 8b 47 10 48 8b 4f 08 48 89 41 10
0x00007ffee9453ea6:   48 8b 57 08 48 8b 4f 18 48 89 4a 18 48 8b 57 08
0x00007ffee9453eb6:   48 8b 4f 20 48 89 4a 20 48 8d 8b 88 02 00 00 48
0x00007ffee9453ec6:   8b d3 e8 03 25 ef ff 4c 8d 9c 24 a0 00 00 00 c7
0x00007ffee9453ed6:   83 38 03 00 00 04 00 00 00 49 8b 5b 20 48 8b c6
0x00007ffee9453ee6:   49 8b 6b 28 49 8b 73 30 49 8b 7b 38 49 8b e3 41
0x00007ffee9453ef6:   5f 41 5e 41 5c c3 cc cc cc cc 4c 89 44 24 18 4c 


Stack slot to memory mapping:
stack at sp + 0 slots: 0x0 is NULL
stack at sp + 1 slots: 0x00000261fd3d0270 is a thread
stack at sp + 2 slots: 0x00000261fd3d0518 points into unknown readable memory: 0x00007ffee9b03630 | 30 36 b0 e9 fe 7f 00 00
stack at sp + 3 slots: 0x0 is NULL
stack at sp + 4 slots: 0x00007ffee9957568 jvm.dll
stack at sp + 5 slots: 0x00000261fd3d0270 is a thread
stack at sp + 6 slots: 0x0000a297f8639fc9 is an unknown value
stack at sp + 7 slots: 0x0000000000000049 is an unknown value


---------------  P R O C E S S  ---------------

Threads class SMR info:
_java_thread_list=0x00000261915709e0, length=27, elements={
0x00000261ed77a0c0, 0x00000261fbf33f20, 0x00000261fbf34d90, 0x00000261fbf499c0,
0x00000261fbf4c380, 0x00000261fbf4cd30, 0x00000261fbf4d6e0, 0x00000261fbf51970,
0x00000261fbf5c840, 0x00000261fbf5ee50, 0x00000261fc93da60, 0x00000261fcaf16f0,
0x00000261fcb3b8c0, 0x00000261fd391580, 0x00000261fd3d0270, 0x00000261fd4acea0,
0x00000261fd4af520, 0x00000261fd4add10, 0x00000261fd4ad370, 0x00000261fd4ac500,
0x00000261916f0640, 0x00000261916f0170, 0x00000261916f14b0, 0x000002619a230a70,
0x00000261916f61b0, 0x00000261916f6680, 0x00000261916f1980
}

Java Threads: ( => current thread )
  0x00000261ed77a0c0 JavaThread "main" [_thread_blocked, id=23392, stack(0x00000070a3400000,0x00000070a3500000)]
  0x00000261fbf33f20 JavaThread "Reference Handler" daemon [_thread_blocked, id=22460, stack(0x00000070a3b00000,0x00000070a3c00000)]
  0x00000261fbf34d90 JavaThread "Finalizer" daemon [_thread_blocked, id=11072, stack(0x00000070a3c00000,0x00000070a3d00000)]
  0x00000261fbf499c0 JavaThread "Signal Dispatcher" daemon [_thread_blocked, id=20092, stack(0x00000070a3d00000,0x00000070a3e00000)]
  0x00000261fbf4c380 JavaThread "Attach Listener" daemon [_thread_blocked, id=20104, stack(0x00000070a3e00000,0x00000070a3f00000)]
  0x00000261fbf4cd30 JavaThread "Service Thread" daemon [_thread_blocked, id=22596, stack(0x00000070a3f00000,0x00000070a4000000)]
  0x00000261fbf4d6e0 JavaThread "Monitor Deflation Thread" daemon [_thread_blocked, id=13640, stack(0x00000070a4000000,0x00000070a4100000)]
  0x00000261fbf51970 JavaThread "C2 CompilerThread0" daemon [_thread_blocked, id=7684, stack(0x00000070a4100000,0x00000070a4200000)]
  0x00000261fbf5c840 JavaThread "C1 CompilerThread0" daemon [_thread_blocked, id=4852, stack(0x00000070a4200000,0x00000070a4300000)]
  0x00000261fbf5ee50 JavaThread "Sweeper thread" daemon [_thread_blocked, id=22804, stack(0x00000070a4300000,0x00000070a4400000)]
  0x00000261fc93da60 JavaThread "Common-Cleaner" daemon [_thread_blocked, id=2912, stack(0x00000070a4400000,0x00000070a4500000)]
  0x00000261fcaf16f0 JavaThread "Notification Thread" daemon [_thread_blocked, id=740, stack(0x00000070a4600000,0x00000070a4700000)]
  0x00000261fcb3b8c0 JavaThread "QuantumRenderer-0" daemon [_thread_blocked, id=11992, stack(0x00000070a4800000,0x00000070a4900000)]
  0x00000261fd391580 JavaThread "InvokeLaterDispatcher" daemon [_thread_blocked, id=14232, stack(0x00000070a4b00000,0x00000070a4c00000)]
=>0x00000261fd3d0270 JavaThread "JavaFX Application Thread" [_thread_in_vm, id=7008, stack(0x00000070a4c00000,0x00000070a4d00000)]
  0x00000261fd4acea0 JavaThread "JavaFX-Launcher" [_thread_blocked, id=15048, stack(0x00000070a5100000,0x00000070a5200000)]
  0x00000261fd4af520 JavaThread "Thread-2" daemon [_thread_in_native, id=5012, stack(0x00000070a5000000,0x00000070a5100000)]
  0x00000261fd4add10 JavaThread "Cleaner-0" daemon [_thread_blocked, id=14580, stack(0x00000070a5600000,0x00000070a5700000)]
  0x00000261fd4ad370 JavaThread "Prism Font Disposer" daemon [_thread_blocked, id=14600, stack(0x00000070a5200000,0x00000070a5300000)]
  0x00000261fd4ac500 JavaThread "pool-2-thread-1" [_thread_blocked, id=9560, stack(0x00000070a5800000,0x00000070a5900000)]
  0x00000261916f0640 JavaThread "Java Sound Event Dispatcher" daemon [_thread_blocked, id=15668, stack(0x00000070a5e00000,0x00000070a5f00000)]
  0x00000261916f0170 JavaThread "JitterCorrector" daemon [_thread_blocked, id=13884, stack(0x00000070a6100000,0x00000070a6200000)]
  0x00000261916f14b0 JavaThread "AudioPusher" daemon [_thread_blocked, id=3004, stack(0x00000070a6200000,0x00000070a6300000)]
  0x000002619a230a70 JavaThread "C2 CompilerThread1" daemon [_thread_blocked, id=8380, stack(0x00000070a5700000,0x00000070a5800000)]
  0x00000261916f61b0 JavaThread "Thread-5" [_thread_blocked, id=3368, stack(0x00000070a5900000,0x00000070a5a00000)]
  0x00000261916f6680 JavaThread "Thread-6" [_thread_blocked, id=18068, stack(0x00000070a6700000,0x00000070a6800000)]
  0x00000261916f1980 JavaThread "Thread-7" [_thread_blocked, id=15916, stack(0x00000070a6800000,0x00000070a6900000)]

Other Threads:
  0x00000261fbf30330 VMThread "VM Thread" [stack: 0x00000070a3a00000,0x00000070a3b00000] [id=15516] _threads_hazard_ptr=0x00000261915709e0
  0x00000261ed77bc30 WatcherThread [stack: 0x00000070a4700000,0x00000070a4800000] [id=17080]
  0x00000261ed7b8020 GCTaskThread "GC Thread#0" [stack: 0x00000070a3500000,0x00000070a3600000] [id=16336]
  0x00000261fd323790 GCTaskThread "GC Thread#1" [stack: 0x00000070a4500000,0x00000070a4600000] [id=14144]
  0x00000261fd393b10 GCTaskThread "GC Thread#2" [stack: 0x00000070a4900000,0x00000070a4a00000] [id=10056]
  0x00000261fd3a6b30 GCTaskThread "GC Thread#3" [stack: 0x00000070a4a00000,0x00000070a4b00000] [id=8136]
  0x00000261ed7c9c30 ConcurrentGCThread "G1 Main Marker" [stack: 0x00000070a3600000,0x00000070a3700000] [id=16300]
  0x00000261ed7cade0 ConcurrentGCThread "G1 Conc#0" [stack: 0x00000070a3700000,0x00000070a3800000] [id=4500]
  0x00000261ed841560 ConcurrentGCThread "G1 Refine#0" [stack: 0x00000070a3800000,0x00000070a3900000] [id=21872]
  0x0000026191427380 ConcurrentGCThread "G1 Refine#1" [stack: 0x00000070a5a00000,0x00000070a5b00000] [id=13088]
  0x0000026191425c80 ConcurrentGCThread "G1 Refine#2" [stack: 0x00000070a5b00000,0x00000070a5c00000] [id=22428]
  0x00000261914256c0 ConcurrentGCThread "G1 Refine#3" [stack: 0x00000070a6400000,0x00000070a6500000] [id=11972]
  0x00000261ed842f90 ConcurrentGCThread "G1 Service" [stack: 0x00000070a3900000,0x00000070a3a00000] [id=18848]

Threads with active compile tasks:
C2 CompilerThread0    39637 7595       4       com.sun.javafx.scene.NodeHelper::processCSSImpl (10 bytes)
C2 CompilerThread1    39637 7592       4       com.sun.javafx.scene.ParentHelper::processCSSImpl (10 bytes)

VM state: not at safepoint (normal execution)

VM Mutex/Monitor currently owned by a thread:  ([mutex/lock_event])
[0x00000261ed776aa0] Compile_lock - owner thread: 0x00000261916f6680
[0x00000261ed7750c0] MethodCompileQueue_lock - owner thread: 0x00000261fbf51970

Heap address: 0x0000000081a00000, size: 2022 MB, Compressed Oops mode: 32-bit

CDS archive(s) mapped at: [0x0000000800000000-0x0000000800bc0000-0x0000000800bc0000), size 12320768, SharedBaseAddress: 0x0000000800000000, ArchiveRelocationMode: 0.
Compressed class space mapped at: 0x0000000800c00000-0x0000000840c00000, reserved size: 1073741824
Narrow klass base: 0x0000000800000000, Narrow klass shift: 0, Narrow klass range: 0x100000000

GC Precious Log:
 CPUs: 4 total, 4 available
 Memory: 8083M
 Large Page Support: Disabled
 NUMA Support: Disabled
 Compressed Oops: Enabled (32-bit)
 Heap Region Size: 1M
 Heap Min Capacity: 8M
 Heap Initial Capacity: 128M
 Heap Max Capacity: 2022M
 Pre-touch: Disabled
 Parallel Workers: 4
 Concurrent Workers: 1
 Concurrent Refinement Workers: 4
 Periodic GC: Disabled

Heap:
 garbage-first heap   total 122880K, used 84992K [0x0000000081a00000, 0x0000000100000000)
  region size 1024K, 30 young (30720K), 4 survivors (4096K)
 Metaspace       used 33018K, committed 33472K, reserved 1081344K
  class space    used 4535K, committed 4800K, reserved 1048576K

Heap Regions: E=young(eden), S=young(survivor), O=old, HS=humongous(starts), HC=humongous(continues), CS=collection set, F=free, OA=open archive, CA=closed archive, TAMS=top-at-mark-start (previous, next)
|   0|0x0000000081a00000, 0x0000000081b00000, 0x0000000081b00000|100%| O|  |TAMS 0x0000000081b00000, 0x0000000081a00000| Untracked 
|   1|0x0000000081b00000, 0x0000000081c00000, 0x0000000081c00000|100%| O|  |TAMS 0x0000000081c00000, 0x0000000081b00000| Untracked 
|   2|0x0000000081c00000, 0x0000000081d00000, 0x0000000081d00000|100%|HS|  |TAMS 0x0000000081d00000, 0x0000000081c00000| Complete 
|   3|0x0000000081d00000, 0x0000000081e00000, 0x0000000081e00000|100%|HC|  |TAMS 0x0000000081e00000, 0x0000000081d00000| Complete 
|   4|0x0000000081e00000, 0x0000000081f00000, 0x0000000081f00000|100%|HS|  |TAMS 0x0000000081f00000, 0x0000000081e00000| Complete 
|   5|0x0000000081f00000, 0x0000000082000000, 0x0000000082000000|100%|HC|  |TAMS 0x0000000082000000, 0x0000000081f00000| Complete 
|   6|0x0000000082000000, 0x0000000082100000, 0x0000000082100000|100%| O|  |TAMS 0x0000000082100000, 0x0000000082000000| Untracked 
|   7|0x0000000082100000, 0x0000000082200000, 0x0000000082200000|100%| O|  |TAMS 0x0000000082200000, 0x0000000082100000| Untracked 
|   8|0x0000000082200000, 0x0000000082300000, 0x0000000082300000|100%| O|  |TAMS 0x0000000082300000, 0x0000000082200000| Untracked 
|   9|0x0000000082300000, 0x0000000082400000, 0x0000000082400000|100%| O|  |TAMS 0x0000000082400000, 0x0000000082300000| Untracked 
|  10|0x0000000082400000, 0x0000000082500000, 0x0000000082500000|100%| O|  |TAMS 0x0000000082500000, 0x0000000082400000| Untracked 
|  11|0x0000000082500000, 0x0000000082600000, 0x0000000082600000|100%| O|  |TAMS 0x0000000082600000, 0x0000000082500000| Untracked 
|  12|0x0000000082600000, 0x0000000082700000, 0x0000000082700000|100%| O|  |TAMS 0x0000000082700000, 0x0000000082600000| Untracked 
|  13|0x0000000082700000, 0x0000000082800000, 0x0000000082800000|100%| O|  |TAMS 0x0000000082800000, 0x0000000082700000| Untracked 
|  14|0x0000000082800000, 0x0000000082900000, 0x0000000082900000|100%| O|  |TAMS 0x0000000082900000, 0x0000000082800000| Untracked 
|  15|0x0000000082900000, 0x0000000082a00000, 0x0000000082a00000|100%| O|  |TAMS 0x0000000082a00000, 0x0000000082900000| Untracked 
|  16|0x0000000082a00000, 0x0000000082b00000, 0x0000000082b00000|100%| O|  |TAMS 0x0000000082b00000, 0x0000000082a00000| Untracked 
|  17|0x0000000082b00000, 0x0000000082c00000, 0x0000000082c00000|100%| O|  |TAMS 0x0000000082b00000, 0x0000000082b00000| Untracked 
|  18|0x0000000082c00000, 0x0000000082d00000, 0x0000000082d00000|100%| O|  |TAMS 0x0000000082c00000, 0x0000000082c00000| Untracked 
|  19|0x0000000082d00000, 0x0000000082e00000, 0x0000000082e00000|100%| O|  |TAMS 0x0000000082e00000, 0x0000000082d00000| Untracked 
|  20|0x0000000082e00000, 0x0000000082f00000, 0x0000000082f00000|100%| O|  |TAMS 0x0000000082f00000, 0x0000000082e00000| Untracked 
|  21|0x0000000082f00000, 0x0000000083000000, 0x0000000083000000|100%| O|  |TAMS 0x0000000083000000, 0x0000000082f00000| Untracked 
|  22|0x0000000083000000, 0x0000000083100000, 0x0000000083100000|100%| O|  |TAMS 0x0000000083100000, 0x0000000083000000| Untracked 
|  23|0x0000000083100000, 0x0000000083200000, 0x0000000083200000|100%| O|  |TAMS 0x0000000083200000, 0x0000000083100000| Untracked 
|  24|0x0000000083200000, 0x0000000083300000, 0x0000000083300000|100%| O|  |TAMS 0x0000000083300000, 0x0000000083200000| Untracked 
|  25|0x0000000083300000, 0x0000000083400000, 0x0000000083400000|100%| O|  |TAMS 0x0000000083400000, 0x0000000083300000| Untracked 
|  26|0x0000000083400000, 0x0000000083500000, 0x0000000083500000|100%| O|  |TAMS 0x0000000083500000, 0x0000000083400000| Untracked 
|  27|0x0000000083500000, 0x0000000083600000, 0x0000000083600000|100%| O|  |TAMS 0x0000000083600000, 0x0000000083500000| Untracked 
|  28|0x0000000083600000, 0x0000000083700000, 0x0000000083700000|100%| O|  |TAMS 0x0000000083700000, 0x0000000083600000| Untracked 
|  29|0x0000000083700000, 0x0000000083800000, 0x0000000083800000|100%| O|  |TAMS 0x0000000083800000, 0x0000000083700000| Untracked 
|  30|0x0000000083800000, 0x0000000083900000, 0x0000000083900000|100%| O|  |TAMS 0x0000000083900000, 0x0000000083800000| Untracked 
|  31|0x0000000083900000, 0x0000000083a00000, 0x0000000083a00000|100%| O|  |TAMS 0x0000000083a00000, 0x0000000083900000| Untracked 
|  32|0x0000000083a00000, 0x0000000083b00000, 0x0000000083b00000|100%| O|  |TAMS 0x0000000083b00000, 0x0000000083a00000| Untracked 
|  33|0x0000000083b00000, 0x0000000083c00000, 0x0000000083c00000|100%| O|  |TAMS 0x0000000083c00000, 0x0000000083b00000| Untracked 
|  34|0x0000000083c00000, 0x0000000083d00000, 0x0000000083d00000|100%| O|  |TAMS 0x0000000083d00000, 0x0000000083c00000| Untracked 
|  35|0x0000000083d00000, 0x0000000083e00000, 0x0000000083e00000|100%| O|  |TAMS 0x0000000083e00000, 0x0000000083d00000| Untracked 
|  36|0x0000000083e00000, 0x0000000083f00000, 0x0000000083f00000|100%| O|  |TAMS 0x0000000083f00000, 0x0000000083e00000| Untracked 
|  37|0x0000000083f00000, 0x0000000084000000, 0x0000000084000000|100%| O|  |TAMS 0x0000000084000000, 0x0000000083f00000| Untracked 
|  38|0x0000000084000000, 0x0000000084100000, 0x0000000084100000|100%| O|  |TAMS 0x0000000084100000, 0x0000000084000000| Untracked 
|  39|0x0000000084100000, 0x0000000084200000, 0x0000000084200000|100%| O|  |TAMS 0x0000000084200000, 0x0000000084100000| Untracked 
|  40|0x0000000084200000, 0x0000000084300000, 0x0000000084300000|100%| O|  |TAMS 0x00000000842c0e00, 0x0000000084200000| Untracked 
|  41|0x0000000084300000, 0x0000000084400000, 0x0000000084400000|100%| O|  |TAMS 0x0000000084300000, 0x0000000084300000| Untracked 
|  42|0x0000000084400000, 0x0000000084500000, 0x0000000084500000|100%| O|  |TAMS 0x0000000084500000, 0x0000000084400000| Untracked 
|  43|0x0000000084500000, 0x0000000084500000, 0x0000000084600000|  0%| F|  |TAMS 0x0000000084500000, 0x0000000084500000| Untracked 
|  44|0x0000000084600000, 0x0000000084700000, 0x0000000084700000|100%| O|  |TAMS 0x0000000084700000, 0x0000000084600000| Untracked 
|  45|0x0000000084700000, 0x0000000084800000, 0x0000000084800000|100%| O|  |TAMS 0x0000000084700000, 0x0000000084700000| Untracked 
|  46|0x0000000084800000, 0x0000000084900000, 0x0000000084900000|100%| O|  |TAMS 0x0000000084800000, 0x0000000084800000| Untracked 
|  47|0x0000000084900000, 0x0000000084a00000, 0x0000000084a00000|100%| O|  |TAMS 0x0000000084900000, 0x0000000084900000| Untracked 
|  48|0x0000000084a00000, 0x0000000084b00000, 0x0000000084b00000|100%| O|  |TAMS 0x0000000084a00000, 0x0000000084a00000| Untracked 
|  49|0x0000000084b00000, 0x0000000084c00000, 0x0000000084c00000|100%| O|  |TAMS 0x0000000084b00000, 0x0000000084b00000| Untracked 
|  50|0x0000000084c00000, 0x0000000084d00000, 0x0000000084d00000|100%| O|  |TAMS 0x0000000084c00000, 0x0000000084c00000| Untracked 
|  51|0x0000000084d00000, 0x0000000084e00000, 0x0000000084e00000|100%| O|  |TAMS 0x0000000084d00000, 0x0000000084d00000| Untracked 
|  52|0x0000000084e00000, 0x0000000084f00000, 0x0000000084f00000|100%| O|  |TAMS 0x0000000084e00000, 0x0000000084e00000| Untracked 
|  53|0x0000000084f00000, 0x0000000085000000, 0x0000000085000000|100%| O|  |TAMS 0x0000000084f00000, 0x0000000084f00000| Untracked 
|  54|0x0000000085000000, 0x0000000085100000, 0x0000000085100000|100%| O|  |TAMS 0x0000000085000000, 0x0000000085000000| Untracked 
|  55|0x0000000085100000, 0x0000000085100000, 0x0000000085200000|  0%| F|  |TAMS 0x0000000085100000, 0x0000000085100000| Untracked 
|  56|0x0000000085200000, 0x0000000085200000, 0x0000000085300000|  0%| F|  |TAMS 0x0000000085200000, 0x0000000085200000| Untracked 
|  57|0x0000000085300000, 0x0000000085300000, 0x0000000085400000|  0%| F|  |TAMS 0x0000000085300000, 0x0000000085300000| Untracked 
|  58|0x0000000085400000, 0x0000000085400000, 0x0000000085500000|  0%| F|  |TAMS 0x0000000085400000, 0x0000000085400000| Untracked 
|  59|0x0000000085500000, 0x0000000085500000, 0x0000000085600000|  0%| F|  |TAMS 0x0000000085500000, 0x0000000085500000| Untracked 
|  60|0x0000000085600000, 0x0000000085600000, 0x0000000085700000|  0%| F|  |TAMS 0x0000000085600000, 0x0000000085600000| Untracked 
|  61|0x0000000085700000, 0x0000000085700000, 0x0000000085800000|  0%| F|  |TAMS 0x0000000085700000, 0x0000000085700000| Untracked 
|  62|0x0000000085800000, 0x0000000085800000, 0x0000000085900000|  0%| F|  |TAMS 0x0000000085800000, 0x0000000085800000| Untracked 
|  63|0x0000000085900000, 0x0000000085900000, 0x0000000085a00000|  0%| F|  |TAMS 0x0000000085900000, 0x0000000085900000| Untracked 
|  64|0x0000000085a00000, 0x0000000085a00000, 0x0000000085b00000|  0%| F|  |TAMS 0x0000000085a00000, 0x0000000085a00000| Untracked 
|  65|0x0000000085b00000, 0x0000000085b00000, 0x0000000085c00000|  0%| F|  |TAMS 0x0000000085b00000, 0x0000000085b00000| Untracked 
|  66|0x0000000085c00000, 0x0000000085c00000, 0x0000000085d00000|  0%| F|  |TAMS 0x0000000085c00000, 0x0000000085c00000| Untracked 
|  67|0x0000000085d00000, 0x0000000085d00000, 0x0000000085e00000|  0%| F|  |TAMS 0x0000000085d00000, 0x0000000085d00000| Untracked 
|  68|0x0000000085e00000, 0x0000000085e00000, 0x0000000085f00000|  0%| F|  |TAMS 0x0000000085e00000, 0x0000000085e00000| Untracked 
|  69|0x0000000085f00000, 0x0000000085f00000, 0x0000000086000000|  0%| F|  |TAMS 0x0000000085f00000, 0x0000000085f00000| Untracked 
|  70|0x0000000086000000, 0x0000000086000000, 0x0000000086100000|  0%| F|  |TAMS 0x0000000086000000, 0x0000000086000000| Untracked 
|  71|0x0000000086100000, 0x0000000086100000, 0x0000000086200000|  0%| F|  |TAMS 0x0000000086100000, 0x0000000086100000| Untracked 
|  72|0x0000000086200000, 0x0000000086200000, 0x0000000086300000|  0%| F|  |TAMS 0x0000000086200000, 0x0000000086200000| Untracked 
|  73|0x0000000086300000, 0x0000000086300000, 0x0000000086400000|  0%| F|  |TAMS 0x0000000086300000, 0x0000000086300000| Untracked 
|  74|0x0000000086400000, 0x0000000086400000, 0x0000000086500000|  0%| F|  |TAMS 0x0000000086400000, 0x0000000086400000| Untracked 
|  75|0x0000000086500000, 0x0000000086500000, 0x0000000086600000|  0%| F|  |TAMS 0x0000000086500000, 0x0000000086500000| Untracked 
|  76|0x0000000086600000, 0x0000000086600000, 0x0000000086700000|  0%| F|  |TAMS 0x0000000086600000, 0x0000000086600000| Untracked 
|  77|0x0000000086700000, 0x0000000086700000, 0x0000000086800000|  0%| F|  |TAMS 0x0000000086700000, 0x0000000086700000| Untracked 
|  78|0x0000000086800000, 0x0000000086800000, 0x0000000086900000|  0%| F|  |TAMS 0x0000000086800000, 0x0000000086800000| Untracked 
|  79|0x0000000086900000, 0x0000000086900000, 0x0000000086a00000|  0%| F|  |TAMS 0x0000000086900000, 0x0000000086900000| Untracked 
|  80|0x0000000086a00000, 0x0000000086a00000, 0x0000000086b00000|  0%| F|  |TAMS 0x0000000086a00000, 0x0000000086a00000| Untracked 
|  81|0x0000000086b00000, 0x0000000086b00000, 0x0000000086c00000|  0%| F|  |TAMS 0x0000000086b00000, 0x0000000086b00000| Untracked 
|  82|0x0000000086c00000, 0x0000000086c00000, 0x0000000086d00000|  0%| F|  |TAMS 0x0000000086c00000, 0x0000000086c00000| Untracked 
|  83|0x0000000086d00000, 0x0000000086d00000, 0x0000000086e00000|  0%| F|  |TAMS 0x0000000086d00000, 0x0000000086d00000| Untracked 
|  84|0x0000000086e00000, 0x0000000086e00000, 0x0000000086f00000|  0%| F|  |TAMS 0x0000000086e00000, 0x0000000086e00000| Untracked 
|  85|0x0000000086f00000, 0x0000000087000000, 0x0000000087000000|100%| S|CS|TAMS 0x0000000086f00000, 0x0000000086f00000| Complete 
|  86|0x0000000087000000, 0x0000000087100000, 0x0000000087100000|100%| S|CS|TAMS 0x0000000087000000, 0x0000000087000000| Complete 
|  87|0x0000000087100000, 0x0000000087200000, 0x0000000087200000|100%| S|CS|TAMS 0x0000000087100000, 0x0000000087100000| Complete 
|  88|0x0000000087200000, 0x0000000087300000, 0x0000000087300000|100%| S|CS|TAMS 0x0000000087200000, 0x0000000087200000| Complete 
|  89|0x0000000087300000, 0x0000000087300000, 0x0000000087400000|  0%| F|  |TAMS 0x0000000087300000, 0x0000000087300000| Untracked 
|  90|0x0000000087400000, 0x0000000087400000, 0x0000000087500000|  0%| F|  |TAMS 0x0000000087400000, 0x0000000087400000| Untracked 
|  91|0x0000000087500000, 0x0000000087500000, 0x0000000087600000|  0%| F|  |TAMS 0x0000000087500000, 0x0000000087500000| Untracked 
|  92|0x0000000087600000, 0x0000000087600000, 0x0000000087700000|  0%| F|  |TAMS 0x0000000087600000, 0x0000000087600000| Untracked 
|  93|0x0000000087700000, 0x0000000087700000, 0x0000000087800000|  0%| F|  |TAMS 0x0000000087700000, 0x0000000087700000| Untracked 
|  94|0x0000000087800000, 0x00000000878e01a8, 0x0000000087900000| 87%| E|  |TAMS 0x0000000087800000, 0x0000000087800000| Complete 
|  95|0x0000000087900000, 0x0000000087a00000, 0x0000000087a00000|100%| E|CS|TAMS 0x0000000087900000, 0x0000000087900000| Complete 
|  96|0x0000000087a00000, 0x0000000087b00000, 0x0000000087b00000|100%| E|CS|TAMS 0x0000000087a00000, 0x0000000087a00000| Complete 
|  97|0x0000000087b00000, 0x0000000087c00000, 0x0000000087c00000|100%| E|CS|TAMS 0x0000000087b00000, 0x0000000087b00000| Complete 
|  98|0x0000000087c00000, 0x0000000087d00000, 0x0000000087d00000|100%| E|CS|TAMS 0x0000000087c00000, 0x0000000087c00000| Complete 
|  99|0x0000000087d00000, 0x0000000087e00000, 0x0000000087e00000|100%| E|CS|TAMS 0x0000000087d00000, 0x0000000087d00000| Complete 
| 100|0x0000000087e00000, 0x0000000087f00000, 0x0000000087f00000|100%| E|CS|TAMS 0x0000000087e00000, 0x0000000087e00000| Complete 
| 101|0x0000000087f00000, 0x0000000088000000, 0x0000000088000000|100%| E|CS|TAMS 0x0000000087f00000, 0x0000000087f00000| Complete 
| 102|0x0000000088000000, 0x0000000088100000, 0x0000000088100000|100%| E|CS|TAMS 0x0000000088000000, 0x0000000088000000| Complete 
| 103|0x0000000088100000, 0x0000000088200000, 0x0000000088200000|100%| E|CS|TAMS 0x0000000088100000, 0x0000000088100000| Complete 
| 104|0x0000000088200000, 0x0000000088300000, 0x0000000088300000|100%| E|CS|TAMS 0x0000000088200000, 0x0000000088200000| Complete 
| 105|0x0000000088300000, 0x0000000088400000, 0x0000000088400000|100%| E|CS|TAMS 0x0000000088300000, 0x0000000088300000| Complete 
| 106|0x0000000088400000, 0x0000000088500000, 0x0000000088500000|100%| E|CS|TAMS 0x0000000088400000, 0x0000000088400000| Complete 
| 107|0x0000000088500000, 0x0000000088600000, 0x0000000088600000|100%| E|CS|TAMS 0x0000000088500000, 0x0000000088500000| Complete 
| 108|0x0000000088600000, 0x0000000088700000, 0x0000000088700000|100%| E|CS|TAMS 0x0000000088600000, 0x0000000088600000| Complete 
| 109|0x0000000088700000, 0x0000000088800000, 0x0000000088800000|100%| E|CS|TAMS 0x0000000088700000, 0x0000000088700000| Complete 
| 110|0x0000000088800000, 0x0000000088900000, 0x0000000088900000|100%| E|CS|TAMS 0x0000000088800000, 0x0000000088800000| Complete 
| 111|0x0000000088900000, 0x0000000088a00000, 0x0000000088a00000|100%| E|CS|TAMS 0x0000000088900000, 0x0000000088900000| Complete 
| 112|0x0000000088a00000, 0x0000000088b00000, 0x0000000088b00000|100%| E|CS|TAMS 0x0000000088a00000, 0x0000000088a00000| Complete 
| 113|0x0000000088b00000, 0x0000000088c00000, 0x0000000088c00000|100%| E|CS|TAMS 0x0000000088b00000, 0x0000000088b00000| Complete 
| 114|0x0000000088c00000, 0x0000000088d00000, 0x0000000088d00000|100%| E|CS|TAMS 0x0000000088c00000, 0x0000000088c00000| Complete 
| 115|0x0000000088d00000, 0x0000000088e00000, 0x0000000088e00000|100%| E|CS|TAMS 0x0000000088d00000, 0x0000000088d00000| Complete 
| 124|0x0000000089600000, 0x0000000089700000, 0x0000000089700000|100%| E|CS|TAMS 0x0000000089600000, 0x0000000089600000| Complete 
| 125|0x0000000089700000, 0x0000000089800000, 0x0000000089800000|100%| E|CS|TAMS 0x0000000089700000, 0x0000000089700000| Complete 
| 126|0x0000000089800000, 0x0000000089900000, 0x0000000089900000|100%| E|CS|TAMS 0x0000000089800000, 0x0000000089800000| Complete 
| 127|0x0000000089900000, 0x0000000089a00000, 0x0000000089a00000|100%| E|CS|TAMS 0x0000000089900000, 0x0000000089900000| Complete 

Card table byte_map: [0x00000261f5380000,0x00000261f5780000] _byte_map_base: 0x00000261f4f73000

Marking Bits (Prev, Next): (CMBitMap*) 0x00000261ed7b8670, (CMBitMap*) 0x00000261ed7b8630
 Prev Bits: [0x00000261f7b20000, 0x00000261f9ab8000)
 Next Bits: [0x00000261f5b80000, 0x00000261f7b18000)

Polling page: 0x00000261eb780000

Metaspace:

Usage:
  Non-class:     27.82 MB used.
      Class:      4.43 MB used.
       Both:     32.24 MB used.

Virtual space:
  Non-class space:       32.00 MB reserved,      28.00 MB ( 88%) committed,  4 nodes.
      Class space:        1.00 GB reserved,       4.69 MB ( <1%) committed,  1 nodes.
             Both:        1.03 GB reserved,      32.69 MB (  3%) committed. 

Chunk freelists:
   Non-Class:  3.31 MB
       Class:  3.30 MB
        Both:  6.61 MB

MaxMetaspaceSize: unlimited
CompressedClassSpaceSize: 1.00 GB
Initial GC threshold: 21.00 MB
Current GC threshold: 50.44 MB
CDS: on
MetaspaceReclaimPolicy: balanced
 - commit_granule_bytes: 65536.
 - commit_granule_words: 8192.
 - virtual_space_node_default_size: 1048576.
 - enlarge_chunks_in_place: 1.
 - new_chunks_are_fully_committed: 0.
 - uncommit_free_chunks: 1.
 - use_allocation_guard: 0.
 - handle_deallocations: 1.


Internal statistics:

num_allocs_failed_limit: 3.
num_arena_births: 638.
num_arena_deaths: 0.
num_vsnodes_births: 5.
num_vsnodes_deaths: 0.
num_space_committed: 523.
num_space_uncommitted: 0.
num_chunks_returned_to_freelist: 3.
num_chunks_taken_from_freelist: 1828.
num_chunk_merges: 0.
num_chunk_splits: 1241.
num_chunks_enlarged: 915.
num_purges: 0.
num_inconsistent_stats: 0.

CodeHeap 'non-profiled nmethods': size=120000Kb used=3809Kb max_used=3809Kb free=116190Kb
 bounds [0x0000026187ad0000, 0x0000026187e90000, 0x000002618f000000]
CodeHeap 'profiled nmethods': size=120000Kb used=13114Kb max_used=13114Kb free=106885Kb
 bounds [0x00000261805a0000, 0x0000026181280000, 0x0000026187ad0000]
CodeHeap 'non-nmethods': size=5760Kb used=1602Kb max_used=1602Kb free=4157Kb
 bounds [0x0000026180000000, 0x0000026180270000, 0x00000261805a0000]
 total_blobs=7603 nmethods=6710 adapters=799
 compilation: enabled
              stopped_count=0, restarted_count=0
 full_count=0

Compilation events (20 events):
Event: 39.227 Thread 0x00000261fbf5c840 7702       1       org.jfugue.midi.TrackTimeManager::getInitialNoteBeatTimeForHarmonicNotes (5 bytes)
Event: 39.227 Thread 0x00000261fbf5c840 nmethod 7702 0x0000026187e88310 code [0x0000026187e884a0, 0x0000026187e88578]
Event: 39.227 Thread 0x00000261fbf5c840 7719       2       jdk.internal.math.FDBigInteger::leftShift (50 bytes)
Event: 39.228 Thread 0x00000261fbf5c840 nmethod 7719 0x0000026180ce3f10 code [0x0000026180ce40c0, 0x0000026180ce4298]
Event: 39.228 Thread 0x00000261fbf5c840 7720       2       org.staccato.NoteSubparser::seekToEndOfDecimal (48 bytes)
Event: 39.229 Thread 0x00000261fbf5c840 nmethod 7720 0x0000026180ce3190 code [0x0000026180ce33a0, 0x0000026180ce3a58]
Event: 39.236 Thread 0x00000261fbf5c840 7721       2       java.nio.HeapCharBuffer::<init> (23 bytes)
Event: 39.236 Thread 0x00000261fbf5c840 nmethod 7721 0x0000026180ce2d90 code [0x0000026180ce2f20, 0x0000026180ce3088]
Event: 39.236 Thread 0x00000261fbf5c840 7722       2       java.io.Writer::write (11 bytes)
Event: 39.237 Thread 0x00000261fbf5c840 nmethod 7722 0x0000026180ce2990 code [0x0000026180ce2b40, 0x0000026180ce2c88]
Event: 39.237 Thread 0x00000261fbf5c840 7723   !   2       java.io.BufferedWriter::write (117 bytes)
Event: 39.237 Thread 0x00000261fbf5c840 nmethod 7723 0x0000026180ce2090 code [0x0000026180ce2260, 0x0000026180ce2648]
Event: 39.237 Thread 0x00000261fbf5c840 7724       2       java.io.BufferedWriter::min (9 bytes)
Event: 39.238 Thread 0x00000261fbf5c840 nmethod 7724 0x0000026180ce1d10 code [0x0000026180ce1ea0, 0x0000026180ce1fd8]
Event: 39.239 Thread 0x00000261fbf5c840 7725   !   2       javafx.scene.CssStyleHelper::calculateValue (769 bytes)
Event: 39.250 Thread 0x00000261fbf5c840 nmethod 7725 0x0000026180cddc10 code [0x0000026180cde1e0, 0x0000026180ce0148]
Event: 39.250 Thread 0x00000261fbf5c840 7728       2       com.sun.javafx.font.directwrite.IUnknown::Release (26 bytes)
Event: 39.250 Thread 0x00000261fbf5c840 nmethod 7728 0x0000026180cdd890 code [0x0000026180cdda20, 0x0000026180cddb88]
Event: 39.250 Thread 0x00000261fbf5c840 7726       2       javafx.scene.layout.Region::normalize (420 bytes)
Event: 39.252 Thread 0x00000261fbf5c840 nmethod 7726 0x0000026180cdcc90 code [0x0000026180cdcea0, 0x0000026180cdd588]

GC Heap History (20 events):
Event: 19.150 GC heap before
{Heap before GC invocations=7 (full 0):
 garbage-first heap   total 65536K, used 52800K [0x0000000081a00000, 0x0000000100000000)
  region size 1024K, 38 young (38912K), 3 survivors (3072K)
 Metaspace       used 28669K, committed 29120K, reserved 1081344K
  class space    used 4002K, committed 4224K, reserved 1048576K
}
Event: 19.163 GC heap after
{Heap after GC invocations=8 (full 0):
 garbage-first heap   total 65536K, used 24335K [0x0000000081a00000, 0x0000000100000000)
  region size 1024K, 5 young (5120K), 5 survivors (5120K)
 Metaspace       used 28669K, committed 29120K, reserved 1081344K
  class space    used 4002K, committed 4224K, reserved 1048576K
}
Event: 19.263 GC heap before
{Heap before GC invocations=8 (full 0):
 garbage-first heap   total 65536K, used 25359K [0x0000000081a00000, 0x0000000100000000)
  region size 1024K, 6 young (6144K), 5 survivors (5120K)
 Metaspace       used 28763K, committed 29184K, reserved 1081344K
  class space    used 4009K, committed 4224K, reserved 1048576K
}
Event: 19.274 GC heap after
{Heap after GC invocations=9 (full 0):
 garbage-first heap   total 65536K, used 25412K [0x0000000081a00000, 0x0000000100000000)
  region size 1024K, 1 young (1024K), 1 survivors (1024K)
 Metaspace       used 28763K, committed 29184K, reserved 1081344K
  class space    used 4009K, committed 4224K, reserved 1048576K
}
Event: 19.922 GC heap before
{Heap before GC invocations=9 (full 0):
 garbage-first heap   total 65536K, used 46916K [0x0000000081a00000, 0x0000000100000000)
  region size 1024K, 22 young (22528K), 1 survivors (1024K)
 Metaspace       used 29472K, committed 29952K, reserved 1081344K
  class space    used 4128K, committed 4352K, reserved 1048576K
}
Event: 19.936 GC heap after
{Heap after GC invocations=10 (full 0):
 garbage-first heap   total 65536K, used 37888K [0x0000000081a00000, 0x0000000100000000)
  region size 1024K, 3 young (3072K), 3 survivors (3072K)
 Metaspace       used 29472K, committed 29952K, reserved 1081344K
  class space    used 4128K, committed 4352K, reserved 1048576K
}
Event: 20.111 GC heap before
{Heap before GC invocations=10 (full 0):
 garbage-first heap   total 65536K, used 45056K [0x0000000081a00000, 0x0000000100000000)
  region size 1024K, 11 young (11264K), 3 survivors (3072K)
 Metaspace       used 29557K, committed 30016K, reserved 1081344K
  class space    used 4129K, committed 4352K, reserved 1048576K
}
Event: 20.132 GC heap after
{Heap after GC invocations=11 (full 0):
 garbage-first heap   total 65536K, used 44160K [0x0000000081a00000, 0x0000000100000000)
  region size 1024K, 2 young (2048K), 2 survivors (2048K)
 Metaspace       used 29557K, committed 30016K, reserved 1081344K
  class space    used 4129K, committed 4352K, reserved 1048576K
}
Event: 20.399 GC heap before
{Heap before GC invocations=12 (full 0):
 garbage-first heap   total 80896K, used 47232K [0x0000000081a00000, 0x0000000100000000)
  region size 1024K, 6 young (6144K), 2 survivors (2048K)
 Metaspace       used 30324K, committed 30656K, reserved 1081344K
  class space    used 4218K, committed 4352K, reserved 1048576K
}
Event: 20.404 GC heap after
{Heap after GC invocations=13 (full 0):
 garbage-first heap   total 80896K, used 45827K [0x0000000081a00000, 0x0000000100000000)
  region size 1024K, 1 young (1024K), 1 survivors (1024K)
 Metaspace       used 30324K, committed 30656K, reserved 1081344K
  class space    used 4218K, committed 4352K, reserved 1048576K
}
Event: 20.555 GC heap before
{Heap before GC invocations=13 (full 0):
 garbage-first heap   total 80896K, used 56067K [0x0000000081a00000, 0x0000000100000000)
  region size 1024K, 12 young (12288K), 1 survivors (1024K)
 Metaspace       used 30532K, committed 30976K, reserved 1081344K
  class space    used 4238K, committed 4480K, reserved 1048576K
}
Event: 20.559 GC heap after
{Heap after GC invocations=14 (full 0):
 garbage-first heap   total 80896K, used 50176K [0x0000000081a00000, 0x0000000100000000)
  region size 1024K, 2 young (2048K), 2 survivors (2048K)
 Metaspace       used 30532K, committed 30976K, reserved 1081344K
  class space    used 4238K, committed 4480K, reserved 1048576K
}
Event: 20.675 GC heap before
{Heap before GC invocations=14 (full 0):
 garbage-first heap   total 80896K, used 59392K [0x0000000081a00000, 0x0000000100000000)
  region size 1024K, 11 young (11264K), 2 survivors (2048K)
 Metaspace       used 30550K, committed 30976K, reserved 1081344K
  class space    used 4238K, committed 4480K, reserved 1048576K
}
Event: 20.683 GC heap after
{Heap after GC invocations=15 (full 0):
 garbage-first heap   total 122880K, used 51697K [0x0000000081a00000, 0x0000000100000000)
  region size 1024K, 2 young (2048K), 2 survivors (2048K)
 Metaspace       used 30550K, committed 30976K, reserved 1081344K
  class space    used 4238K, committed 4480K, reserved 1048576K
}
Event: 20.865 GC heap before
{Heap before GC invocations=16 (full 0):
 garbage-first heap   total 122880K, used 80369K [0x0000000081a00000, 0x0000000100000000)
  region size 1024K, 30 young (30720K), 2 survivors (2048K)
 Metaspace       used 30550K, committed 30976K, reserved 1081344K
  class space    used 4238K, committed 4480K, reserved 1048576K
}
Event: 20.873 GC heap after
{Heap after GC invocations=17 (full 0):
 garbage-first heap   total 122880K, used 55468K [0x0000000081a00000, 0x0000000100000000)
  region size 1024K, 4 young (4096K), 4 survivors (4096K)
 Metaspace       used 30550K, committed 30976K, reserved 1081344K
  class space    used 4238K, committed 4480K, reserved 1048576K
}
Event: 20.879 GC heap before
{Heap before GC invocations=17 (full 0):
 garbage-first heap   total 122880K, used 57516K [0x0000000081a00000, 0x0000000100000000)
  region size 1024K, 6 young (6144K), 4 survivors (4096K)
 Metaspace       used 30550K, committed 30976K, reserved 1081344K
  class space    used 4238K, committed 4480K, reserved 1048576K
}
Event: 20.884 GC heap after
{Heap after GC invocations=18 (full 0):
 garbage-first heap   total 122880K, used 53358K [0x0000000081a00000, 0x0000000100000000)
  region size 1024K, 1 young (1024K), 1 survivors (1024K)
 Metaspace       used 30550K, committed 30976K, reserved 1081344K
  class space    used 4238K, committed 4480K, reserved 1048576K
}
Event: 21.789 GC heap before
{Heap before GC invocations=18 (full 0):
 garbage-first heap   total 122880K, used 84078K [0x0000000081a00000, 0x0000000100000000)
  region size 1024K, 31 young (31744K), 1 survivors (1024K)
 Metaspace       used 31972K, committed 32448K, reserved 1081344K
  class space    used 4410K, committed 4672K, reserved 1048576K
}
Event: 21.799 GC heap after
{Heap after GC invocations=19 (full 0):
 garbage-first heap   total 122880K, used 59392K [0x0000000081a00000, 0x0000000100000000)
  region size 1024K, 4 young (4096K), 4 survivors (4096K)
 Metaspace       used 31972K, committed 32448K, reserved 1081344K
  class space    used 4410K, committed 4672K, reserved 1048576K
}

Deoptimization events (20 events):
Event: 38.286 Thread 0x00000261fd3d0270 DEOPT PACKING pc=0x0000026187e53b88 sp=0x00000070a4cfd310
Event: 38.286 Thread 0x00000261fd3d0270 DEOPT UNPACKING pc=0x00000261800523a3 sp=0x00000070a4cfd1e8 mode 2
Event: 38.997 Thread 0x00000261fcb3b8c0 DEOPT PACKING pc=0x0000026180e664da sp=0x00000070a48fd9e0
Event: 38.998 Thread 0x00000261fcb3b8c0 DEOPT UNPACKING pc=0x0000026180052b43 sp=0x00000070a48fce18 mode 0
Event: 39.130 Thread 0x00000261fd3d0270 Uncommon trap: trap_request=0xffffff45 fr.pc=0x0000026187bac984 relative=0x0000000000000084
Event: 39.130 Thread 0x00000261fd3d0270 Uncommon trap: reason=unstable_if action=reinterpret pc=0x0000026187bac984 method=java.lang.StringLatin1.trim([B)Ljava/lang/String; @ 44 c2
Event: 39.130 Thread 0x00000261fd3d0270 DEOPT PACKING pc=0x0000026187bac984 sp=0x00000070a4cfc030
Event: 39.130 Thread 0x00000261fd3d0270 DEOPT UNPACKING pc=0x00000261800523a3 sp=0x00000070a4cfbfc0 mode 2
Event: 39.142 Thread 0x00000261fd3d0270 Uncommon trap: trap_request=0xffffff76 fr.pc=0x0000026187e82878 relative=0x00000000000006f8
Event: 39.142 Thread 0x00000261fd3d0270 Uncommon trap: reason=predicate action=maybe_recompile pc=0x0000026187e82878 method=java.util.AbstractCollection.toArray([Ljava/lang/Object;)[Ljava/lang/Object; @ 43 c2
Event: 39.142 Thread 0x00000261fd3d0270 DEOPT PACKING pc=0x0000026187e82878 sp=0x00000070a4cfbf20
Event: 39.142 Thread 0x00000261fd3d0270 DEOPT UNPACKING pc=0x00000261800523a3 sp=0x00000070a4cfbee8 mode 2
Event: 39.345 Thread 0x00000261916f6680 Uncommon trap: trap_request=0xffffff45 fr.pc=0x0000026187d87a28 relative=0x0000000000000368
Event: 39.345 Thread 0x00000261916f6680 Uncommon trap: reason=unstable_if action=reinterpret pc=0x0000026187d87a28 method=javafx.scene.Node.layoutBoundsChanged()V @ 22 c2
Event: 39.345 Thread 0x00000261916f6680 DEOPT PACKING pc=0x0000026187d87a28 sp=0x00000070a67fe9a0
Event: 39.345 Thread 0x00000261916f6680 DEOPT UNPACKING pc=0x00000261800523a3 sp=0x00000070a67fe810 mode 2
Event: 39.356 Thread 0x00000261916f6680 Uncommon trap: trap_request=0xffffff45 fr.pc=0x0000026187e29aac relative=0x000000000000050c
Event: 39.356 Thread 0x00000261916f6680 Uncommon trap: reason=unstable_if action=reinterpret pc=0x0000026187e29aac method=com.sun.javafx.geom.transform.AffineBase.doTransform([FI[FIII)V @ 39 c2
Event: 39.356 Thread 0x00000261916f6680 DEOPT PACKING pc=0x0000026187e29aac sp=0x00000070a67fbb00
Event: 39.356 Thread 0x00000261916f6680 DEOPT UNPACKING pc=0x00000261800523a3 sp=0x00000070a67fba18 mode 2

Classes unloaded (0 events):
No events

Classes redefined (0 events):
No events

Internal exceptions (20 events):
Event: 17.049 Thread 0x00000261fd3d0270 Exception <a 'java/lang/NoSuchMethodError'{0x00000000899ee920}: 'int java.lang.invoke.DirectMethodHandle$Holder.invokeVirtual(java.lang.Object, java.lang.Object)'> (0x00000000899ee920) 
thrown [t:\workspace\open\src\hotspot\share\interpreter\linkResolver.cpp, line 766]
Event: 17.266 Thread 0x00000261fd3d0270 Exception <a 'java/lang/NoSuchMethodError'{0x00000000851d4a20}: 'java.lang.Object java.lang.invoke.Invokers$Holder.linkToTargetMethod(java.lang.Object, java.lang.Object, int, int, java.lang.Object)'> (0x00000000851d4a20) 
thrown [t:\workspace\open\src\hotspot\share\interpreter\linkResolver.cpp, line 766]
Event: 17.574 Thread 0x00000261fd3d0270 Exception <a 'java/lang/ClassNotFoundException'{0x0000000089990e40}: sun/util/logging/resources/spi/loggingProvider> (0x0000000089990e40) 
thrown [t:\workspace\open\src\hotspot\share\classfile\systemDictionary.cpp, line 256]
Event: 17.649 Thread 0x00000261fd3d0270 Exception <a 'java/lang/NoSuchMethodError'{0x00000000855fb6e0}: 'java.lang.Object java.lang.invoke.DirectMethodHandle$Holder.invokeStaticInit(java.lang.Object, int, int, int, int)'> (0x00000000855fb6e0) 
thrown [t:\workspace\open\src\hotspot\share\interpreter\linkResolver.cpp, line 766]
Event: 17.776 Thread 0x00000261fd3d0270 Exception <a 'java/lang/NoSuchMethodError'{0x00000000854f5110}: 'java.lang.Object java.lang.invoke.DirectMethodHandle$Holder.invokeStaticInit(java.lang.Object, java.lang.Object, int, int, int, int)'> (0x00000000854f5110) 
thrown [t:\workspace\open\src\hotspot\share\interpreter\linkResolver.cpp, line 766]
Event: 20.475 Thread 0x00000261fd3d0270 Exception <a 'java/lang/NoSuchMethodError'{0x0000000086272930}: 'java.lang.Object java.lang.invoke.DirectMethodHandle$Holder.invokeSpecial(java.lang.Object, java.lang.Object, int, int, int)'> (0x0000000086272930) 
thrown [t:\workspace\open\src\hotspot\share\interpreter\linkResolver.cpp, line 766]
Event: 21.536 Thread 0x00000261fd3d0270 Exception <a 'java/lang/NoSuchMethodError'{0x0000000087c4e360}: 'java.lang.Object java.lang.invoke.DirectMethodHandle$Holder.invokeSpecial(java.lang.Object, java.lang.Object, long, java.lang.Object, java.lang.Object, java.lang.Object, int, java.lang.Object, java.lang.Object, java.lang.Object)'> (0x0000000087c4e360) 
thrown [t:\workspace\open\src\hotspot\share\interpreter\linkResolver.cpp, line 766]
Event: 21.536 Thread 0x00000261fd3d0270 Exception <a 'java/lang/NoSuchMethodError'{0x0000000087c52f70}: 'java.lang.Object java.lang.invoke.DelegatingMethodHandle$Holder.reinvoke_L(java.lang.Object, long, java.lang.Object, java.lang.Object, java.lang.Object, int, java.lang.Object, java.lang.Object, java.lang.Object)'> (0x0000000087c52f70) 
thrown [t:\workspace\open\src\hotspot\share\interpreter\linkResolver.cpp, line 766]
Event: 21.539 Thread 0x00000261fd3d0270 Exception <a 'java/lang/NoSuchMethodError'{0x0000000087c6dff8}: 'java.lang.Object java.lang.invoke.Invokers$Holder.linkToTargetMethod(java.lang.Object, java.lang.Object, java.lang.Object, int, java.lang.Object, java.lang.Object, java.lang.Object, java.lang.Object)'> (0x0000000087c6dff8) 
thrown [t:\workspace\open\src\hotspot\share\interpreter\linkResolver.cpp, line 766]
Event: 21.759 Thread 0x00000261fd3d0270 Implicit null exception at 0x0000026187bf82ef to 0x0000026187bf8a60
Event: 22.335 Thread 0x00000261fd3d0270 Implicit null exception at 0x0000026187d8a1bd to 0x0000026187d8b384
Event: 22.354 Thread 0x00000261fd3d0270 Exception <a 'java/io/FileNotFoundException'{0x00000000888853b0}> (0x00000000888853b0) 
thrown [t:\workspace\open\src\hotspot\share\prims\jni.cpp, line 516]
Event: 22.354 Thread 0x00000261fd3d0270 Exception <a 'java/io/FileNotFoundException'{0x00000000888874b8}> (0x00000000888874b8) 
thrown [t:\workspace\open\src\hotspot\share\prims\jni.cpp, line 516]
Event: 22.358 Thread 0x00000261fd3d0270 Exception <a 'java/io/FileNotFoundException'{0x000000008888bd20}> (0x000000008888bd20) 
thrown [t:\workspace\open\src\hotspot\share\prims\jni.cpp, line 516]
Event: 22.358 Thread 0x00000261fd3d0270 Exception <a 'java/io/FileNotFoundException'{0x000000008888d870}> (0x000000008888d870) 
thrown [t:\workspace\open\src\hotspot\share\prims\jni.cpp, line 516]
Event: 22.384 Thread 0x00000261fd3d0270 Exception <a 'java/io/FileNotFoundException'{0x0000000088782338}> (0x0000000088782338) 
thrown [t:\workspace\open\src\hotspot\share\prims\jni.cpp, line 516]
Event: 22.384 Thread 0x00000261fd3d0270 Exception <a 'java/io/FileNotFoundException'{0x0000000088784268}> (0x0000000088784268) 
thrown [t:\workspace\open\src\hotspot\share\prims\jni.cpp, line 516]
Event: 22.385 Thread 0x00000261fd3d0270 Exception <a 'java/io/FileNotFoundException'{0x0000000088785e80}> (0x0000000088785e80) 
thrown [t:\workspace\open\src\hotspot\share\prims\jni.cpp, line 516]
Event: 22.574 Thread 0x00000261fcb3b8c0 Implicit null exception at 0x0000026187c9dafd to 0x0000026187c9e368
Event: 22.858 Thread 0x00000261fcb3b8c0 Implicit null exception at 0x0000026187e2ad2c to 0x0000026187e2d03c

VM Operations (20 events):
Event: 22.620 Executing VM operation: HandshakeAllThreads done
Event: 22.687 Executing VM operation: ICBufferFull
Event: 22.688 Executing VM operation: ICBufferFull done
Event: 24.687 Executing VM operation: Cleanup
Event: 24.687 Executing VM operation: Cleanup done
Event: 26.688 Executing VM operation: Cleanup
Event: 26.688 Executing VM operation: Cleanup done
Event: 27.688 Executing VM operation: Cleanup
Event: 27.688 Executing VM operation: Cleanup done
Event: 28.689 Executing VM operation: Cleanup
Event: 28.689 Executing VM operation: Cleanup done
Event: 29.689 Executing VM operation: Cleanup
Event: 29.689 Executing VM operation: Cleanup done
Event: 31.690 Executing VM operation: Cleanup
Event: 31.690 Executing VM operation: Cleanup done
Event: 33.691 Executing VM operation: Cleanup
Event: 33.691 Executing VM operation: Cleanup done
Event: 38.693 Executing VM operation: Cleanup
Event: 38.693 Executing VM operation: Cleanup done
Event: 39.358 Executing VM operation: HandshakeAllThreads

Events (20 events):
Event: 22.629 loading class java/lang/FdLibm$Cbrt done
Event: 23.225 Thread 0x0000026191c9d760 Thread exited: 0x0000026191c9d760
Event: 28.137 Thread 0x00000261fc980b50 Thread added: 0x00000261fc980b50
Event: 28.795 Thread 0x00000261fc980b50 Thread exited: 0x00000261fc980b50
Event: 29.000 Thread 0x00000261fd4ac9d0 Thread exited: 0x00000261fd4ac9d0
Event: 38.986 Thread 0x000002619a230a70 Thread added: 0x000002619a230a70
Event: 39.126 loading class javax/sound/midi/Sequence
Event: 39.126 loading class javax/sound/midi/Sequence done
Event: 39.126 loading class javax/sound/midi/Track$ImmutableEndOfTrack
Event: 39.126 loading class javax/sound/midi/Track$ImmutableEndOfTrack done
Event: 39.126 loading class javax/sound/midi/MidiEvent
Event: 39.127 loading class javax/sound/midi/MidiEvent done
Event: 39.132 loading class com/sun/media/sound/MidiUtils
Event: 39.141 loading class com/sun/media/sound/MidiUtils done
Event: 39.234 Thread 0x00000261916f61b0 Thread added: 0x00000261916f61b0
Event: 39.235 Thread 0x00000261916f6680 Thread added: 0x00000261916f6680
Event: 39.237 Thread 0x00000261916f1980 Thread added: 0x00000261916f1980
Event: 39.348 loading class com/sun/media/sound/RealTimeSequencer$PlayThread
Event: 39.356 loading class com/sun/media/sound/RealTimeSequencer$PlayThread done
Event: 39.356 loading class com/sun/media/sound/RealTimeSequencer$DataPump


Dynamic libraries:
0x00007ff7131d0000 - 0x00007ff7131e0000 	C:\Program Files\Java\jdk-17.0.1\bin\java.exe
0x00007fff45c90000 - 0x00007fff45e85000 	C:\WINDOWS\SYSTEM32\ntdll.dll
0x00007fff44fc0000 - 0x00007fff4507e000 	C:\WINDOWS\System32\KERNEL32.DLL
0x00007fff433b0000 - 0x00007fff43678000 	C:\WINDOWS\System32\KERNELBASE.dll
0x00007fff436b0000 - 0x00007fff437b0000 	C:\WINDOWS\System32\ucrtbase.dll
0x00007fff30380000 - 0x00007fff30398000 	C:\Program Files\Java\jdk-17.0.1\bin\jli.dll
0x00007fff450e0000 - 0x00007fff4518e000 	C:\WINDOWS\System32\ADVAPI32.dll
0x00007fff453d0000 - 0x00007fff4546e000 	C:\WINDOWS\System32\msvcrt.dll
0x00007fff44cb0000 - 0x00007fff44d4c000 	C:\WINDOWS\System32\sechost.dll
0x00007fff45190000 - 0x00007fff452b5000 	C:\WINDOWS\System32\RPCRT4.dll
0x00007fff44520000 - 0x00007fff446c0000 	C:\WINDOWS\System32\USER32.dll
0x00007fff43cc0000 - 0x00007fff43ce2000 	C:\WINDOWS\System32\win32u.dll
0x00007fff303a0000 - 0x00007fff303ba000 	C:\Program Files\Java\jdk-17.0.1\bin\VCRUNTIME140.dll
0x00007fff446c0000 - 0x00007fff446eb000 	C:\WINDOWS\System32\GDI32.dll
0x00007fff43890000 - 0x00007fff4399b000 	C:\WINDOWS\System32\gdi32full.dll
0x00007fff439a0000 - 0x00007fff43a3d000 	C:\WINDOWS\System32\msvcp_win.dll
0x00007fff344d0000 - 0x00007fff3476a000 	C:\WINDOWS\WinSxS\amd64_microsoft.windows.common-controls_6595b64144ccf1df_6.0.19041.1110_none_60b5254171f9507e\COMCTL32.dll
0x00007fff36270000 - 0x00007fff3627a000 	C:\WINDOWS\SYSTEM32\VERSION.dll
0x00007fff459d0000 - 0x00007fff45a00000 	C:\WINDOWS\System32\IMM32.DLL
0x00007fff3d9c0000 - 0x00007fff3d9cc000 	C:\Program Files\Java\jdk-17.0.1\bin\vcruntime140_1.dll
0x00007fff1c900000 - 0x00007fff1c98d000 	C:\Program Files\Java\jdk-17.0.1\bin\msvcp140.dll
0x00007ffee9080000 - 0x00007ffee9c3e000 	C:\Program Files\Java\jdk-17.0.1\bin\server\jvm.dll
0x00007fff45360000 - 0x00007fff45368000 	C:\WINDOWS\System32\PSAPI.DLL
0x00007fff32a80000 - 0x00007fff32a89000 	C:\WINDOWS\SYSTEM32\WSOCK32.dll
0x00007fff45960000 - 0x00007fff459cb000 	C:\WINDOWS\System32\WS2_32.dll
0x00007fff36100000 - 0x00007fff36127000 	C:\WINDOWS\SYSTEM32\WINMM.dll
0x00007fff41c50000 - 0x00007fff41c62000 	C:\WINDOWS\SYSTEM32\kernel.appcore.dll
0x00007fff3d9a0000 - 0x00007fff3d9aa000 	C:\Program Files\Java\jdk-17.0.1\bin\jimage.dll
0x00007fff36930000 - 0x00007fff36b14000 	C:\WINDOWS\SYSTEM32\DBGHELP.DLL
0x00007fff2d160000 - 0x00007fff2d18c000 	C:\WINDOWS\SYSTEM32\dbgcore.DLL
0x00007fff437b0000 - 0x00007fff43832000 	C:\WINDOWS\System32\bcryptPrimitives.dll
0x00007fff2aff0000 - 0x00007fff2b015000 	C:\Program Files\Java\jdk-17.0.1\bin\java.dll
0x00007fff139e0000 - 0x00007fff13ab6000 	C:\Program Files\Java\jdk-17.0.1\bin\svml.dll
0x00007fff43cf0000 - 0x00007fff44434000 	C:\WINDOWS\System32\SHELL32.dll
0x00007fff413d0000 - 0x00007fff41b64000 	C:\WINDOWS\SYSTEM32\windows.storage.dll
0x00007fff448a0000 - 0x00007fff44bf4000 	C:\WINDOWS\System32\combase.dll
0x00007fff42d40000 - 0x00007fff42d6c000 	C:\WINDOWS\SYSTEM32\Wldp.dll
0x00007fff44f10000 - 0x00007fff44fbd000 	C:\WINDOWS\System32\SHCORE.dll
0x00007fff45a00000 - 0x00007fff45a55000 	C:\WINDOWS\System32\shlwapi.dll
0x00007fff432f0000 - 0x00007fff4330f000 	C:\WINDOWS\SYSTEM32\profapi.dll
0x00007fff2b8c0000 - 0x00007fff2b8d9000 	C:\Program Files\Java\jdk-17.0.1\bin\net.dll
0x00007fff37b60000 - 0x00007fff37c69000 	C:\WINDOWS\SYSTEM32\WINHTTP.dll
0x00007fff42aa0000 - 0x00007fff42b0a000 	C:\WINDOWS\system32\mswsock.dll
0x00007fff2ac80000 - 0x00007fff2ac95000 	C:\Program Files\Java\jdk-17.0.1\bin\nio.dll
0x00007fff2aa30000 - 0x00007fff2aa48000 	C:\Program Files\Java\jdk-17.0.1\bin\zip.dll
0x00000261ed700000 - 0x00000261ed703000 	C:\Users\pc\.openjfx\cache\17.0.1\api-ms-win-core-console-l1-1-0.dll
0x00000261ed710000 - 0x00000261ed713000 	C:\Users\pc\.openjfx\cache\17.0.1\api-ms-win-core-console-l1-2-0.dll
0x00000261ed720000 - 0x00000261ed723000 	C:\Users\pc\.openjfx\cache\17.0.1\api-ms-win-core-datetime-l1-1-0.dll
0x00000261ed730000 - 0x00000261ed733000 	C:\Users\pc\.openjfx\cache\17.0.1\api-ms-win-core-debug-l1-1-0.dll
0x00000261ed740000 - 0x00000261ed743000 	C:\Users\pc\.openjfx\cache\17.0.1\api-ms-win-core-errorhandling-l1-1-0.dll
0x00000261fbff0000 - 0x00000261fbff4000 	C:\Users\pc\.openjfx\cache\17.0.1\api-ms-win-core-file-l1-1-0.dll
0x00000261fd500000 - 0x00000261fd503000 	C:\Users\pc\.openjfx\cache\17.0.1\api-ms-win-core-file-l1-2-0.dll
0x00000261fd510000 - 0x00000261fd513000 	C:\Users\pc\.openjfx\cache\17.0.1\api-ms-win-core-file-l2-1-0.dll
0x00000261fd520000 - 0x00000261fd523000 	C:\Users\pc\.openjfx\cache\17.0.1\api-ms-win-core-handle-l1-1-0.dll
0x00000261fd530000 - 0x00000261fd533000 	C:\Users\pc\.openjfx\cache\17.0.1\api-ms-win-core-heap-l1-1-0.dll
0x00000261fd540000 - 0x00000261fd543000 	C:\Users\pc\.openjfx\cache\17.0.1\api-ms-win-core-interlocked-l1-1-0.dll
0x00000261fd550000 - 0x00000261fd553000 	C:\Users\pc\.openjfx\cache\17.0.1\api-ms-win-core-libraryloader-l1-1-0.dll
0x00000261fd560000 - 0x00000261fd563000 	C:\Users\pc\.openjfx\cache\17.0.1\api-ms-win-core-localization-l1-2-0.dll
0x00000261fd570000 - 0x00000261fd573000 	C:\Users\pc\.openjfx\cache\17.0.1\api-ms-win-core-memory-l1-1-0.dll
0x00000261fd580000 - 0x00000261fd583000 	C:\Users\pc\.openjfx\cache\17.0.1\api-ms-win-core-namedpipe-l1-1-0.dll
0x00000261fd590000 - 0x00000261fd593000 	C:\Users\pc\.openjfx\cache\17.0.1\api-ms-win-core-processenvironment-l1-1-0.dll
0x00000261fd5a0000 - 0x00000261fd5a3000 	C:\Users\pc\.openjfx\cache\17.0.1\api-ms-win-core-processthreads-l1-1-0.dll
0x00000261fd5b0000 - 0x00000261fd5b3000 	C:\Users\pc\.openjfx\cache\17.0.1\api-ms-win-core-processthreads-l1-1-1.dll
0x00000261fd5c0000 - 0x00000261fd5c3000 	C:\Users\pc\.openjfx\cache\17.0.1\api-ms-win-core-profile-l1-1-0.dll
0x00000261fd5d0000 - 0x00000261fd5d3000 	C:\Users\pc\.openjfx\cache\17.0.1\api-ms-win-core-rtlsupport-l1-1-0.dll
0x00000261fd5e0000 - 0x00000261fd5e3000 	C:\Users\pc\.openjfx\cache\17.0.1\api-ms-win-core-string-l1-1-0.dll
0x00000261fd5f0000 - 0x00000261fd5f3000 	C:\Users\pc\.openjfx\cache\17.0.1\api-ms-win-core-synch-l1-1-0.dll
0x00000261fd600000 - 0x00000261fd603000 	C:\Users\pc\.openjfx\cache\17.0.1\api-ms-win-core-synch-l1-2-0.dll
0x00000261fd610000 - 0x00000261fd613000 	C:\Users\pc\.openjfx\cache\17.0.1\api-ms-win-core-sysinfo-l1-1-0.dll
0x00000261fd620000 - 0x00000261fd623000 	C:\Users\pc\.openjfx\cache\17.0.1\api-ms-win-core-timezone-l1-1-0.dll
0x00000261fd630000 - 0x00000261fd633000 	C:\Users\pc\.openjfx\cache\17.0.1\api-ms-win-core-util-l1-1-0.dll
0x00000261fd640000 - 0x00000261fd643000 	C:\Users\pc\.openjfx\cache\17.0.1\api-ms-win-crt-conio-l1-1-0.dll
0x00000261fd650000 - 0x00000261fd654000 	C:\Users\pc\.openjfx\cache\17.0.1\api-ms-win-crt-convert-l1-1-0.dll
0x00000261fd660000 - 0x00000261fd663000 	C:\Users\pc\.openjfx\cache\17.0.1\api-ms-win-crt-environment-l1-1-0.dll
0x00000261fd670000 - 0x00000261fd673000 	C:\Users\pc\.openjfx\cache\17.0.1\api-ms-win-crt-filesystem-l1-1-0.dll
0x00000261fd680000 - 0x00000261fd683000 	C:\Users\pc\.openjfx\cache\17.0.1\api-ms-win-crt-heap-l1-1-0.dll
0x00000261fd690000 - 0x00000261fd693000 	C:\Users\pc\.openjfx\cache\17.0.1\api-ms-win-crt-locale-l1-1-0.dll
0x00000261fd6a0000 - 0x00000261fd6a5000 	C:\Users\pc\.openjfx\cache\17.0.1\api-ms-win-crt-math-l1-1-0.dll
0x00000261fd6b0000 - 0x00000261fd6b5000 	C:\Users\pc\.openjfx\cache\17.0.1\api-ms-win-crt-multibyte-l1-1-0.dll
0x00000261fd6c0000 - 0x00000261fd6d0000 	C:\Users\pc\.openjfx\cache\17.0.1\api-ms-win-crt-private-l1-1-0.dll
0x00000261fd6d0000 - 0x00000261fd6d3000 	C:\Users\pc\.openjfx\cache\17.0.1\api-ms-win-crt-process-l1-1-0.dll
0x00000261fd6e0000 - 0x00000261fd6e4000 	C:\Users\pc\.openjfx\cache\17.0.1\api-ms-win-crt-runtime-l1-1-0.dll
0x00000261fd6f0000 - 0x00000261fd6f4000 	C:\Users\pc\.openjfx\cache\17.0.1\api-ms-win-crt-stdio-l1-1-0.dll
0x00000261fd700000 - 0x00000261fd704000 	C:\Users\pc\.openjfx\cache\17.0.1\api-ms-win-crt-string-l1-1-0.dll
0x00000261fd710000 - 0x00000261fd713000 	C:\Users\pc\.openjfx\cache\17.0.1\api-ms-win-crt-time-l1-1-0.dll
0x00000261fd720000 - 0x00000261fd723000 	C:\Users\pc\.openjfx\cache\17.0.1\api-ms-win-crt-utility-l1-1-0.dll
0x00007ffeff070000 - 0x00007ffeff16c000 	C:\Users\pc\.openjfx\cache\17.0.1\ucrtbase.dll
0x00007fff2b030000 - 0x00007fff2b04a000 	C:\Users\pc\.openjfx\cache\17.0.1\vcruntime140.dll
0x00007fff2b020000 - 0x00007fff2b02c000 	C:\Users\pc\.openjfx\cache\17.0.1\vcruntime140_1.dll
0x00007fff1c820000 - 0x00007fff1c8ad000 	C:\Users\pc\.openjfx\cache\17.0.1\msvcp140.dll
0x00007fff2a070000 - 0x00007fff2a09a000 	C:\Users\pc\.openjfx\cache\17.0.1\prism_d3d.dll
0x00007fff07eb0000 - 0x00007fff0807f000 	C:\WINDOWS\system32\d3d9.dll
0x00007fff40e00000 - 0x00007fff40e2f000 	C:\WINDOWS\SYSTEM32\dwmapi.dll
0x00007fff40cd0000 - 0x00007fff40d6e000 	C:\WINDOWS\system32\uxtheme.dll
0x00007ffedbe00000 - 0x00007ffede33d000 	C:\WINDOWS\SYSTEM32\igdumdim64.dll
0x00007fff45b80000 - 0x00007fff45c4d000 	C:\WINDOWS\System32\OLEAUT32.dll
0x00007fff44d50000 - 0x00007fff44e7a000 	C:\WINDOWS\System32\ole32.dll
0x00007fff454f0000 - 0x00007fff45960000 	C:\WINDOWS\System32\SETUPAPI.dll
0x00007fff43840000 - 0x00007fff4388e000 	C:\WINDOWS\System32\cfgmgr32.dll
0x00007fff43680000 - 0x00007fff436a7000 	C:\WINDOWS\System32\bcrypt.dll
0x00007fff209d0000 - 0x00007fff20a12000 	C:\Users\pc\.openjfx\cache\17.0.1\glass.dll
0x00007fff44440000 - 0x00007fff4451b000 	C:\WINDOWS\System32\COMDLG32.dll
0x00007fff45a60000 - 0x00007fff45b76000 	C:\WINDOWS\System32\MSCTF.dll
0x00007fff36fd0000 - 0x00007fff37a0f000 	C:\WINDOWS\SYSTEM32\igdusc64.dll
0x00007fff38e50000 - 0x00007fff38e8b000 	C:\WINDOWS\SYSTEM32\dxcore.dll
0x00007fff29b00000 - 0x00007fff29b14000 	C:\Users\pc\.openjfx\cache\17.0.1\javafx_font.dll
0x00007fff1ea80000 - 0x00007fff1ecff000 	C:\WINDOWS\SYSTEM32\dwrite.dll
0x00007fff44c00000 - 0x00007fff44ca9000 	C:\WINDOWS\System32\clbcatq.dll
0x00007fff3b1c0000 - 0x00007fff3b374000 	C:\WINDOWS\SYSTEM32\WindowsCodecs.dll
0x00007fff23930000 - 0x00007fff2396e000 	C:\WINDOWS\system32\dataexchange.dll
0x00007fff3ff30000 - 0x00007fff40115000 	C:\WINDOWS\system32\dcomp.dll
0x00007fff3f000000 - 0x00007fff3f264000 	C:\WINDOWS\system32\d3d11.dll
0x00007fff41cc0000 - 0x00007fff41db3000 	C:\WINDOWS\system32\dxgi.dll
0x00007fff3b5c0000 - 0x00007fff3b7c1000 	C:\WINDOWS\system32\twinapi.appcore.dll
0x00007fff16c70000 - 0x00007fff16ca4000 	C:\Program Files\Common Files\Microsoft Shared\Ink\rtscom.dll
0x00007fff21450000 - 0x00007fff21549000 	C:\WINDOWS\SYSTEM32\textinputframework.dll
0x00007fff404a0000 - 0x00007fff407fe000 	C:\WINDOWS\System32\CoreUIComponents.dll
0x00007fff40800000 - 0x00007fff408f2000 	C:\WINDOWS\System32\CoreMessaging.dll
0x00007fff420b0000 - 0x00007fff420e3000 	C:\WINDOWS\SYSTEM32\ntmarta.dll
0x00007fff3fdd0000 - 0x00007fff3ff24000 	C:\WINDOWS\SYSTEM32\wintypes.dll
0x00007fff16c40000 - 0x00007fff16c6d000 	C:\Users\pc\.openjfx\cache\17.0.1\javafx_iio.dll
0x00007fff2afe0000 - 0x00007fff2afe9000 	C:\Program Files\Java\jdk-17.0.1\bin\prefs.dll
0x00007fff26570000 - 0x00007fff26594000 	C:\WINDOWS\SYSTEM32\edputil.dll
0x00007fff42c90000 - 0x00007fff42ca8000 	C:\WINDOWS\SYSTEM32\CRYPTSP.dll
0x00007fff42420000 - 0x00007fff42454000 	C:\WINDOWS\system32\rsaenh.dll
0x00007fff43270000 - 0x00007fff4329e000 	C:\WINDOWS\SYSTEM32\USERENV.dll
0x00007fff42cb0000 - 0x00007fff42cbc000 	C:\WINDOWS\SYSTEM32\CRYPTBASE.dll
0x00007fff42790000 - 0x00007fff427cb000 	C:\WINDOWS\SYSTEM32\IPHLPAPI.DLL

dbghelp: loaded successfully - version: 4.0.5 - missing functions: none
symbol engine: initialized successfully - sym options: 0x614 - pdb path: .;C:\Program Files\Java\jdk-17.0.1\bin;C:\WINDOWS\SYSTEM32;C:\WINDOWS\WinSxS\amd64_microsoft.windows.common-controls_6595b64144ccf1df_6.0.19041.1110_none_60b5254171f9507e;C:\Program Files\Java\jdk-17.0.1\bin\server;C:\Users\pc\.openjfx\cache\17.0.1;C:\Program Files\Common Files\Microsoft Shared\Ink

VM Arguments:
jvm_args: -Djava.library.path=C:\tmp --add-modules=javafx.controls,javafx.fxml,javafx.swing --module-path=C:\Users\pc\.gradle\caches\modules-2\files-2.1\org.openjfx\javafx-fxml\17.0.1\3c4928d8de8e84617b28d370ac1115a1a2267c68\javafx-fxml-17.0.1-win.jar;C:\Users\pc\.gradle\caches\modules-2\files-2.1\org.openjfx\javafx-controls\17.0.1\dd2e517c9638c07325836d17557a365b484fd6c7\javafx-controls-17.0.1-win.jar;C:\Users\pc\.gradle\caches\modules-2\files-2.1\org.openjfx\javafx-swing\17.0.1\454edf272dc52cac75ada6285d02dc5af7652745\javafx-swing-17.0.1-win.jar;C:\Users\pc\.gradle\caches\modules-2\files-2.1\org.openjfx\javafx-graphics\17.0.1\5e29de2d1e6320c2c8c4af9fef186d82f3953155\javafx-graphics-17.0.1-win.jar;C:\Users\pc\.gradle\caches\modules-2\files-2.1\org.openjfx\javafx-base\17.0.1\174ca1357249f26d154583886cda6f20ba1b7887\javafx-base-17.0.1-win.jar -Dfile.encoding=windows-1252 -Duser.country=US -Duser.language=en -Duser.variant -ea 
java_command: GUI.MainApp
java_class_path (initial): C:\Users\pc\git\TAB2XML\build\classes\java\main;C:\Users\pc\git\TAB2XML\build\resources\main;C:\Users\pc\.gradle\caches\modules-2\files-2.1\org.fxmisc.richtext\richtextfx\0.10.5\df9f31a099aa066c63b231f4bbb3826cd892b35c\richtextfx-0.10.5.jar;C:\Users\pc\.gradle\caches\modules-2\files-2.1\org.apache.commons\commons-csv\1.8\37ca9a9aa2d4be2599e55506a6d3170dd7a3df4\commons-csv-1.8.jar;C:\Users\pc\.gradle\caches\modules-2\files-2.1\com.fasterxml.jackson.module\jackson-module-jaxb-annotations\2.12.5\2b389d7206327e54ae31f709ab75a4a3f33e148\jackson-module-jaxb-annotations-2.12.5.jar;C:\Users\pc\.gradle\caches\modules-2\files-2.1\com.fasterxml.jackson.core\jackson-databind\2.12.5\b064cf057f23d3d35390328c5030847efeffedde\jackson-databind-2.12.5.jar;C:\Users\pc\.gradle\caches\modules-2\files-2.1\com.fasterxml.jackson.core\jackson-core\2.12.5\725e364cc71b80e60fa450bd06d75cdea7fb2d59\jackson-core-2.12.5.jar;C:\Users\pc\.gradle\caches\modules-2\files-2.1\com.fasterxml.jackson.core\jackson-annotations\2.12.5\52d929d5bb21d0186fe24c09624cc3ee4bafc3b3\jackson-annotations-2.12.5.jar;C:\Users\pc\.gradle\caches\modules-2\files-2.1\com.fasterxml.jackson.dataformat\jackson-dataformat-xml\2.12.5\4b872e5a9f7e6644c2dd8d7358ed9fad714d7c90\jackson-dataformat-xml-2.12.5.jar;C:\Users\pc\.gradle\caches\modules-2\files-2.1\com.github.JensPiegsa\jfugue\5.0.9\54f26f3865c8c45368e6728f0ad840f829f17d94\jfugue-5.0.9.jar;C:\Users\pc\.gradle\caches\modules-2\files-2.1\de.jensd\fontawesomefx-fontawesome\4.7.0-9.1.2\7773ab9426179280438f4a8b1d64b3913b0ead92\fontawesomefx-fontawesome-4.7.0-9.1.2.jar;C:\Users\pc\.gradle\caches\modules-2\files-2.1\org.openjfx\javafx-fxml\17.0.1\3c4928d8de8e84617b28d370ac1115a1a2267c68\javafx-fxml-17.0.1-win.jar;C:\Users\pc\.gradle\caches\modules-2\files-2.1\org.openjfx\javafx-controls\17.0.1\dd2e517c9638c07325836d17557a365b484fd6c7\javafx-controls-17.0.1-win.jar;C:\Users\pc\.gradle\caches\modules-2\files-2.1\org.openjfx\javafx-controls\17.0.1\4aa2020
Launcher Type: SUN_STANDARD

[Global flags]
     intx CICompilerCount                          = 3                                         {product} {ergonomic}
     uint ConcGCThreads                            = 1                                         {product} {ergonomic}
     uint G1ConcRefinementThreads                  = 4                                         {product} {ergonomic}
   size_t G1HeapRegionSize                         = 1048576                                   {product} {ergonomic}
    uintx GCDrainStackTargetSize                   = 64                                        {product} {ergonomic}
   size_t InitialHeapSize                          = 134217728                                 {product} {ergonomic}
   size_t MarkStackSize                            = 4194304                                   {product} {ergonomic}
   size_t MaxHeapSize                              = 2120220672                                {product} {ergonomic}
   size_t MaxNewSize                               = 1271922688                                {product} {ergonomic}
   size_t MinHeapDeltaBytes                        = 1048576                                   {product} {ergonomic}
   size_t MinHeapSize                              = 8388608                                   {product} {ergonomic}
    uintx NonNMethodCodeHeapSize                   = 5832780                                {pd product} {ergonomic}
    uintx NonProfiledCodeHeapSize                  = 122912730                              {pd product} {ergonomic}
    uintx ProfiledCodeHeapSize                     = 122912730                              {pd product} {ergonomic}
    uintx ReservedCodeCacheSize                    = 251658240                              {pd product} {ergonomic}
     bool SegmentedCodeCache                       = true                                      {product} {ergonomic}
   size_t SoftMaxHeapSize                          = 2120220672                             {manageable} {ergonomic}
     bool UseCompressedClassPointers               = true                           {product lp64_product} {ergonomic}
     bool UseCompressedOops                        = true                           {product lp64_product} {ergonomic}
     bool UseG1GC                                  = true                                      {product} {ergonomic}
     bool UseLargePagesIndividualAllocation        = false                                  {pd product} {ergonomic}

Logging:
Log output configuration:
 #0: stdout all=warning uptime,level,tags
 #1: stderr all=off uptime,level,tags

Environment Variables:
PATH=C:/Users/pc/.p2/pool/plugins/org.eclipse.justj.openjdk.hotspot.jre.full.win32.x86_64_17.0.1.v20211116-1657/jre/bin/server;C:/Users/pc/.p2/pool/plugins/org.eclipse.justj.openjdk.hotspot.jre.full.win32.x86_64_17.0.1.v20211116-1657/jre/bin;C:\Program Files\Common Files\Oracle\Java\javapath;C:\Program Files (x86)\Common Files\Oracle\Java\javapath;C:\Python39\Scripts\;C:\Python39\;C:\WINDOWS\system32;C:\WINDOWS;C:\WINDOWS\System32\Wbem;C:\WINDOWS\System32\WindowsPowerShell\v1.0\;C:\WINDOWS\System32\OpenSSH\;C:\Program Files (x86)\Brackets\command;C:\Program Files\nodejs\;C:\ProgramData\chocolatey\bin;C:\Program Files\Intel\WiFi\bin\;C:\Program Files\Common Files\Intel\WirelessCommon\;C:\Program Files\Git\cmd;C:\Program Files\PuTTY\;C:\Users\pc\AppData\Local\Microsoft\WindowsApps;C:\Users\pc\AppData\Local\Programs\Microsoft VS Code\bin;C:\Users\pc\AppData\Roaming\npm;C:\Users\pc\AppData\Local\GitHubDesktop\bin;C:\Program Files\Intel\WiFi\bin\;C:\Program Files\Common Files\Intel\WirelessCommon\;;C:\Users\pc\eclipse\java-2021-12\eclipse;
USERNAME=pc
OS=Windows_NT
PROCESSOR_IDENTIFIER=Intel64 Family 6 Model 61 Stepping 4, GenuineIntel



---------------  S Y S T E M  ---------------

OS:
 Windows 10 , 64 bit Build 19041 (10.0.19041.1566)
OS uptime: 5 days 12:26 hours

CPU: total 4 (initial active 4) (2 cores per cpu, 2 threads per core) family 6 model 61 stepping 4 microcode 0x2d, cx8, cmov, fxsr, ht, mmx, 3dnowpref, sse, sse2, sse3, ssse3, sse4.1, sse4.2, popcnt, lzcnt, tsc, tscinvbit, avx, avx2, aes, erms, clmul, bmi1, bmi2, rtm, adx, fma, vzeroupper, clflush

Memory: 4k page, system-wide physical 8083M (549M free)
TotalPageFile size 19357M (AvailPageFile size 5262M)
current process WorkingSet (physical memory assigned to process): 331M, peak: 338M
current process commit charge ("private bytes"): 382M, peak: 390M

vm_info: Java HotSpot(TM) 64-Bit Server VM (17.0.1+12-LTS-39) for windows-amd64 JRE (17.0.1+12-LTS-39), built on Sep 27 2021 18:41:35 by "mach5one" with MS VC++ 16.8 (VS2019)

END.
